<?xml version="1.0" encoding="UTF-8"?>
<TestRun id="b0c841f4-5813-43c1-bd89-6a4a41654338" name="buildmaster@BUILDSERVER01 2013-08-09 17:03:30" runUser="PUNE\buildmaster" xmlns="http://microsoft.com/schemas/VisualStudio/TeamTest/2010">
  <Times creation="2013-08-09T17:03:30.0719247+05:30" queuing="2013-08-09T17:03:30.0719247+05:30" start="2013-08-09T17:03:30.0875506+05:30" finish="2013-08-09T17:04:14.4807325+05:30" />
  <TestSettings name="default" id="f0cebf0e-7b78-46e2-aaa1-2f1c81e27aa8">
    <Execution>
      <TestTypeSpecific />
    </Execution>
    <Deployment runDeploymentRoot="buildmaster_BUILDSERVER01 2013-08-09 17_03_30" />
  </TestSettings>
  <Results>
    <UnitTestResult executionId="998671dd-7158-4b4a-94e0-bf8375b20a11" testId="9eb408b6-a801-7f1a-3781-6e25fc56394d" testName="SearchByActivityCodeContentEnabledTest1" computerName="BUILDSERVER01" duration="00:00:03.3480433" startTime="2013-08-09T17:03:26.3998382+05:30" endTime="2013-08-09T17:03:29.9469175+05:30" testType="13cdc9d9-ddb5-4fa4-a97d-d965ccfc6d4b" outcome="Passed" testListId="8c84fa94-04c1-424b-9868-57a2d4851a1d" relativeResultsDirectory="998671dd-7158-4b4a-94e0-bf8375b20a11" />
    <UnitTestResult executionId="52cea15d-36de-4237-884c-67dbb9719ae3" testId="03449cb1-2ff0-5c15-5962-42932309f0e7" testName="SearchByActivityCodeContentDisabledTest1" computerName="BUILDSERVER01" duration="00:00:00.2386325" startTime="2013-08-09T17:03:30.0875506+05:30" endTime="2013-08-09T17:03:30.3375650+05:30" testType="13cdc9d9-ddb5-4fa4-a97d-d965ccfc6d4b" outcome="Passed" testListId="8c84fa94-04c1-424b-9868-57a2d4851a1d" relativeResultsDirectory="52cea15d-36de-4237-884c-67dbb9719ae3" />
    <UnitTestResult executionId="6a2f2560-e5cc-464a-a341-dbb7a6e58b40" testId="e1011dff-25f5-2337-a1e2-2281532b73a1" testName="BlackOutPeriodTest1" computerName="BUILDSERVER01" duration="00:00:00.1737843" startTime="2013-08-09T17:03:30.3375650+05:30" endTime="2013-08-09T17:03:30.5094499+05:30" testType="13cdc9d9-ddb5-4fa4-a97d-d965ccfc6d4b" outcome="Passed" testListId="8c84fa94-04c1-424b-9868-57a2d4851a1d" relativeResultsDirectory="6a2f2560-e5cc-464a-a341-dbb7a6e58b40" />
    <UnitTestResult executionId="824b6229-4528-4ed0-b9fe-530b25a46ce8" testId="145637ef-e889-13a0-b3bb-d878285616bc" testName="BlackOutPeriodTest2" computerName="BUILDSERVER01" duration="00:00:00.1742173" startTime="2013-08-09T17:03:30.5094499+05:30" endTime="2013-08-09T17:03:30.6813348+05:30" testType="13cdc9d9-ddb5-4fa4-a97d-d965ccfc6d4b" outcome="Passed" testListId="8c84fa94-04c1-424b-9868-57a2d4851a1d" relativeResultsDirectory="824b6229-4528-4ed0-b9fe-530b25a46ce8" />
    <UnitTestResult executionId="7ba9892d-777b-45ff-8288-da99697ba549" testId="b16c7138-319d-970b-82b6-2b1677acffa5" testName="BlackOutPeriodTest3" computerName="BUILDSERVER01" duration="00:00:00.1698562" startTime="2013-08-09T17:03:30.6813348+05:30" endTime="2013-08-09T17:03:30.8532197+05:30" testType="13cdc9d9-ddb5-4fa4-a97d-d965ccfc6d4b" outcome="Passed" testListId="8c84fa94-04c1-424b-9868-57a2d4851a1d" relativeResultsDirectory="7ba9892d-777b-45ff-8288-da99697ba549" />
    <UnitTestResult executionId="190fa6a6-a4dc-4e2a-b0fe-dd967f095cd9" testId="ca962fe4-aeac-61ff-e5f9-8287fd7db7ed" testName="RateContractTest1" computerName="BUILDSERVER01" duration="00:00:00.1688144" startTime="2013-08-09T17:03:30.8532197+05:30" endTime="2013-08-09T17:03:31.0251046+05:30" testType="13cdc9d9-ddb5-4fa4-a97d-d965ccfc6d4b" outcome="Passed" testListId="8c84fa94-04c1-424b-9868-57a2d4851a1d" relativeResultsDirectory="190fa6a6-a4dc-4e2a-b0fe-dd967f095cd9" />
    <UnitTestResult executionId="2fe91547-45f5-4c73-983d-33bae19e2811" testId="ee163a86-3120-50ca-7f13-19dba35f8e1e" testName="RateContractTest2" computerName="BUILDSERVER01" duration="00:00:00.1536589" startTime="2013-08-09T17:03:31.0251046+05:30" endTime="2013-08-09T17:03:31.1813636+05:30" testType="13cdc9d9-ddb5-4fa4-a97d-d965ccfc6d4b" outcome="Passed" testListId="8c84fa94-04c1-424b-9868-57a2d4851a1d" relativeResultsDirectory="2fe91547-45f5-4c73-983d-33bae19e2811" />
    <UnitTestResult executionId="6553e827-4a1d-4365-8e2f-c67918ff974d" testId="6d7fd9f5-f280-e1d4-bba1-43be312ac229" testName="RateContractTest3" computerName="BUILDSERVER01" duration="00:00:00.1511901" startTime="2013-08-09T17:03:31.1813636+05:30" endTime="2013-08-09T17:03:31.3376226+05:30" testType="13cdc9d9-ddb5-4fa4-a97d-d965ccfc6d4b" outcome="Passed" testListId="8c84fa94-04c1-424b-9868-57a2d4851a1d" relativeResultsDirectory="6553e827-4a1d-4365-8e2f-c67918ff974d" />
    <UnitTestResult executionId="43fe40d6-39b4-47fb-bd46-413f9df84aa7" testId="54a743c8-c6d2-d1b4-0db2-ca58bda565eb" testName="RateContractTest4" computerName="BUILDSERVER01" duration="00:00:00.1607989" startTime="2013-08-09T17:03:31.3376226+05:30" endTime="2013-08-09T17:03:31.4938816+05:30" testType="13cdc9d9-ddb5-4fa4-a97d-d965ccfc6d4b" outcome="Passed" testListId="8c84fa94-04c1-424b-9868-57a2d4851a1d" relativeResultsDirectory="43fe40d6-39b4-47fb-bd46-413f9df84aa7" />
    <UnitTestResult executionId="3374db49-475a-4bba-bc7e-377dc4d103c6" testId="102b4238-3ffb-861e-aab4-3d10ddd872d2" testName="RateContractTest5" computerName="BUILDSERVER01" duration="00:00:00.1662934" startTime="2013-08-09T17:03:31.4938816+05:30" endTime="2013-08-09T17:03:31.6657665+05:30" testType="13cdc9d9-ddb5-4fa4-a97d-d965ccfc6d4b" outcome="Passed" testListId="8c84fa94-04c1-424b-9868-57a2d4851a1d" relativeResultsDirectory="3374db49-475a-4bba-bc7e-377dc4d103c6" />
    <UnitTestResult executionId="6d9b725e-63f0-4854-8313-de49510336ec" testId="3dba0b62-d65e-3140-103e-be2b0138652b" testName="RateContractTest6" computerName="BUILDSERVER01" duration="00:00:00.1846952" startTime="2013-08-09T17:03:31.6657665+05:30" endTime="2013-08-09T17:03:31.8532773+05:30" testType="13cdc9d9-ddb5-4fa4-a97d-d965ccfc6d4b" outcome="Passed" testListId="8c84fa94-04c1-424b-9868-57a2d4851a1d" relativeResultsDirectory="6d9b725e-63f0-4854-8313-de49510336ec" />
    <UnitTestResult executionId="8a95986d-ff4b-421f-8b64-e8741dd3171a" testId="d8ae811c-a950-9917-face-4ca0462ec510" testName="RateContractTest7" computerName="BUILDSERVER01" duration="00:00:00.1776116" startTime="2013-08-09T17:03:31.8532773+05:30" endTime="2013-08-09T17:03:32.0251622+05:30" testType="13cdc9d9-ddb5-4fa4-a97d-d965ccfc6d4b" outcome="Passed" testListId="8c84fa94-04c1-424b-9868-57a2d4851a1d" relativeResultsDirectory="8a95986d-ff4b-421f-8b64-e8741dd3171a" />
    <UnitTestResult executionId="18453a4a-373f-41e8-9390-c02df6a79391" testId="f62a5f41-63eb-2781-d688-303eaaaf089f" testName="RateContractTest8" computerName="BUILDSERVER01" duration="00:00:00.2094922" startTime="2013-08-09T17:03:32.0251622+05:30" endTime="2013-08-09T17:03:32.2439248+05:30" testType="13cdc9d9-ddb5-4fa4-a97d-d965ccfc6d4b" outcome="Passed" testListId="8c84fa94-04c1-424b-9868-57a2d4851a1d" relativeResultsDirectory="18453a4a-373f-41e8-9390-c02df6a79391" />
    <UnitTestResult executionId="e6427659-5b95-4bfa-8f5e-df2380bbe8f9" testId="e03b76cd-180b-599b-07a4-2e20dc555464" testName="RateContractTest9" computerName="BUILDSERVER01" duration="00:00:00.2191594" startTime="2013-08-09T17:03:32.2439248+05:30" endTime="2013-08-09T17:03:32.4626874+05:30" testType="13cdc9d9-ddb5-4fa4-a97d-d965ccfc6d4b" outcome="Passed" testListId="8c84fa94-04c1-424b-9868-57a2d4851a1d" relativeResultsDirectory="e6427659-5b95-4bfa-8f5e-df2380bbe8f9" />
    <UnitTestResult executionId="b7173f0a-582d-4bf9-9b36-02404c623cb9" testId="49f30d8e-3e53-8ad9-2397-be0f01984562" testName="GuestInformationTest1" computerName="BUILDSERVER01" duration="00:00:00.1817468" startTime="2013-08-09T17:03:32.4626874+05:30" endTime="2013-08-09T17:03:32.6345723+05:30" testType="13cdc9d9-ddb5-4fa4-a97d-d965ccfc6d4b" outcome="Passed" testListId="8c84fa94-04c1-424b-9868-57a2d4851a1d" relativeResultsDirectory="b7173f0a-582d-4bf9-9b36-02404c623cb9" />
    <UnitTestResult executionId="638ba632-cf6c-4906-9c62-c9831b22a69d" testId="937c922e-bb1b-3866-1407-ea9abf372591" testName="GuestInformationTest2" computerName="BUILDSERVER01" duration="00:00:00.1883717" startTime="2013-08-09T17:03:32.6345723+05:30" endTime="2013-08-09T17:03:32.8377090+05:30" testType="13cdc9d9-ddb5-4fa4-a97d-d965ccfc6d4b" outcome="Passed" testListId="8c84fa94-04c1-424b-9868-57a2d4851a1d" relativeResultsDirectory="638ba632-cf6c-4906-9c62-c9831b22a69d" />
    <UnitTestResult executionId="70454598-9da9-44ad-b315-a929541b4d2b" testId="16f56d1d-7f66-3c17-7cf4-77213d6f8ce0" testName="GuestInformationTest3" computerName="BUILDSERVER01" duration="00:00:00.1812800" startTime="2013-08-09T17:03:32.8377090+05:30" endTime="2013-08-09T17:03:33.0095939+05:30" testType="13cdc9d9-ddb5-4fa4-a97d-d965ccfc6d4b" outcome="Passed" testListId="8c84fa94-04c1-424b-9868-57a2d4851a1d" relativeResultsDirectory="70454598-9da9-44ad-b315-a929541b4d2b" />
    <UnitTestResult executionId="8fa6eafa-d015-4530-a529-cace74a76cef" testId="fb302115-c432-348b-d028-e1313c3f0170" testName="GuestInformationTest4" computerName="BUILDSERVER01" duration="00:00:00.2001963" startTime="2013-08-09T17:03:33.0095939+05:30" endTime="2013-08-09T17:03:33.2127306+05:30" testType="13cdc9d9-ddb5-4fa4-a97d-d965ccfc6d4b" outcome="Passed" testListId="8c84fa94-04c1-424b-9868-57a2d4851a1d" relativeResultsDirectory="8fa6eafa-d015-4530-a529-cace74a76cef" />
    <UnitTestResult executionId="7a89799e-b7c4-47c4-9d0a-9763db510258" testId="b3d6e356-4a94-2ee8-20f1-6001a7326a4d" testName="GuestInformationTest5" computerName="BUILDSERVER01" duration="00:00:00.1865913" startTime="2013-08-09T17:03:33.2127306+05:30" endTime="2013-08-09T17:03:33.4002414+05:30" testType="13cdc9d9-ddb5-4fa4-a97d-d965ccfc6d4b" outcome="Passed" testListId="8c84fa94-04c1-424b-9868-57a2d4851a1d" relativeResultsDirectory="7a89799e-b7c4-47c4-9d0a-9763db510258" />
    <UnitTestResult executionId="4b3543ee-f68e-4144-bf27-c7f2cb23c95f" testId="57f8bef5-ad43-6cbd-7b8c-92f7701cf6bf" testName="GuestInformationTest6" computerName="BUILDSERVER01" duration="00:00:00.1912150" startTime="2013-08-09T17:03:33.4002414+05:30" endTime="2013-08-09T17:03:33.6033781+05:30" testType="13cdc9d9-ddb5-4fa4-a97d-d965ccfc6d4b" outcome="Passed" testListId="8c84fa94-04c1-424b-9868-57a2d4851a1d" relativeResultsDirectory="4b3543ee-f68e-4144-bf27-c7f2cb23c95f" />
    <UnitTestResult executionId="e6f6f6e1-fcf4-4a46-94f5-f7b7e3196625" testId="61b130a5-6601-8ba1-25c6-df2df5f60600" testName="WeekEndDayPricingTest1" computerName="BUILDSERVER01" duration="00:00:00.1902736" startTime="2013-08-09T17:03:33.6033781+05:30" endTime="2013-08-09T17:03:33.7908889+05:30" testType="13cdc9d9-ddb5-4fa4-a97d-d965ccfc6d4b" outcome="Passed" testListId="8c84fa94-04c1-424b-9868-57a2d4851a1d" relativeResultsDirectory="e6f6f6e1-fcf4-4a46-94f5-f7b7e3196625" />
    <UnitTestResult executionId="6a41991e-b9ce-4f91-a96b-9a04ee054e8a" testId="442d53e3-c006-d979-92fd-19e66c306dd2" testName="WeekEndDayPricingTest2" computerName="BUILDSERVER01" duration="00:00:00.1873455" startTime="2013-08-09T17:03:33.7908889+05:30" endTime="2013-08-09T17:03:33.9783997+05:30" testType="13cdc9d9-ddb5-4fa4-a97d-d965ccfc6d4b" outcome="Passed" testListId="8c84fa94-04c1-424b-9868-57a2d4851a1d" relativeResultsDirectory="6a41991e-b9ce-4f91-a96b-9a04ee054e8a" />
    <UnitTestResult executionId="c515c07c-20f0-4d7e-a561-ac5c850f3e3b" testId="5bf1ec0c-5d0a-c96a-e1c2-a0355f4224b0" testName="WeekEndDayPricingTest3" computerName="BUILDSERVER01" duration="00:00:00.1932463" startTime="2013-08-09T17:03:33.9783997+05:30" endTime="2013-08-09T17:03:34.1659105+05:30" testType="13cdc9d9-ddb5-4fa4-a97d-d965ccfc6d4b" outcome="Passed" testListId="8c84fa94-04c1-424b-9868-57a2d4851a1d" relativeResultsDirectory="c515c07c-20f0-4d7e-a561-ac5c850f3e3b" />
    <UnitTestResult executionId="031ba8d5-9db7-4511-b4bf-6863c5c471a1" testId="3cd6ebde-39a6-53d2-7c47-d011166c9c3e" testName="AvailabilityTest1" computerName="BUILDSERVER01" duration="00:00:00.1837725" startTime="2013-08-09T17:03:34.1659105+05:30" endTime="2013-08-09T17:03:34.3534213+05:30" testType="13cdc9d9-ddb5-4fa4-a97d-d965ccfc6d4b" outcome="Passed" testListId="8c84fa94-04c1-424b-9868-57a2d4851a1d" relativeResultsDirectory="031ba8d5-9db7-4511-b4bf-6863c5c471a1" />
    <UnitTestResult executionId="f7801960-3a39-4c30-9449-187806b0a9bf" testId="e7029d42-e974-3346-be34-803916b97b21" testName="AvailabilityTest2" computerName="BUILDSERVER01" duration="00:00:00.2352754" startTime="2013-08-09T17:03:34.3534213+05:30" endTime="2013-08-09T17:03:34.5878098+05:30" testType="13cdc9d9-ddb5-4fa4-a97d-d965ccfc6d4b" outcome="Passed" testListId="8c84fa94-04c1-424b-9868-57a2d4851a1d" relativeResultsDirectory="f7801960-3a39-4c30-9449-187806b0a9bf" />
    <UnitTestResult executionId="94804e5b-2b46-4146-b3fb-b98fcbe35754" testId="402acafe-87eb-8fb2-df24-4bb494b95f1f" testName="IsOnRequestTest1" computerName="BUILDSERVER01" duration="00:00:00.1852875" startTime="2013-08-09T17:03:34.5878098+05:30" endTime="2013-08-09T17:03:34.7753206+05:30" testType="13cdc9d9-ddb5-4fa4-a97d-d965ccfc6d4b" outcome="Passed" testListId="8c84fa94-04c1-424b-9868-57a2d4851a1d" relativeResultsDirectory="94804e5b-2b46-4146-b3fb-b98fcbe35754" />
    <UnitTestResult executionId="c24864e9-c6d1-41f0-90a9-7b5292380d38" testId="0b78fb58-4cdc-525a-ff9d-e1035c42f43e" testName="IsOnRequestTest2" computerName="BUILDSERVER01" duration="00:00:00.1945677" startTime="2013-08-09T17:03:34.7909465+05:30" endTime="2013-08-09T17:03:34.9784573+05:30" testType="13cdc9d9-ddb5-4fa4-a97d-d965ccfc6d4b" outcome="Passed" testListId="8c84fa94-04c1-424b-9868-57a2d4851a1d" relativeResultsDirectory="c24864e9-c6d1-41f0-90a9-7b5292380d38" />
    <UnitTestResult executionId="560f2b57-c787-4b81-9459-601c05d8c535" testId="b14ee4d1-3733-715e-9df1-b58651f49f9f" testName="IsOnRequestTest3" computerName="BUILDSERVER01" duration="00:00:00.1859719" startTime="2013-08-09T17:03:34.9784573+05:30" endTime="2013-08-09T17:03:35.1659681+05:30" testType="13cdc9d9-ddb5-4fa4-a97d-d965ccfc6d4b" outcome="Passed" testListId="8c84fa94-04c1-424b-9868-57a2d4851a1d" relativeResultsDirectory="560f2b57-c787-4b81-9459-601c05d8c535" />
    <UnitTestResult executionId="19022ab9-ed60-41c9-b8ce-af309656db54" testId="495313bc-aecb-964a-d1f3-425279352800" testName="IsOnRequestTest4" computerName="BUILDSERVER01" duration="00:00:00.1807835" startTime="2013-08-09T17:03:35.1659681+05:30" endTime="2013-08-09T17:03:35.3534789+05:30" testType="13cdc9d9-ddb5-4fa4-a97d-d965ccfc6d4b" outcome="Passed" testListId="8c84fa94-04c1-424b-9868-57a2d4851a1d" relativeResultsDirectory="19022ab9-ed60-41c9-b8ce-af309656db54" />
    <UnitTestResult executionId="4d585fa0-6eba-4924-a1c8-1f685cfc4d65" testId="248cd2fc-d227-9209-882c-d6c17b8ed89e" testName="PerUnitTest1" computerName="BUILDSERVER01" duration="00:00:00.2017180" startTime="2013-08-09T17:03:35.3534789+05:30" endTime="2013-08-09T17:03:35.5566156+05:30" testType="13cdc9d9-ddb5-4fa4-a97d-d965ccfc6d4b" outcome="Passed" testListId="8c84fa94-04c1-424b-9868-57a2d4851a1d" relativeResultsDirectory="4d585fa0-6eba-4924-a1c8-1f685cfc4d65" />
    <UnitTestResult executionId="fb58676f-18bb-44b0-a1a7-87cee403a8e0" testId="133b4aa4-427b-86b3-3311-3e78cd0e24a7" testName="PerUnitTest2" computerName="BUILDSERVER01" duration="00:00:00.1828307" startTime="2013-08-09T17:03:35.5566156+05:30" endTime="2013-08-09T17:03:35.7285005+05:30" testType="13cdc9d9-ddb5-4fa4-a97d-d965ccfc6d4b" outcome="Passed" testListId="8c84fa94-04c1-424b-9868-57a2d4851a1d" relativeResultsDirectory="fb58676f-18bb-44b0-a1a7-87cee403a8e0" />
    <UnitTestResult executionId="6dbc081f-9843-41d0-b606-3cec123378f8" testId="664dca9e-6edc-1ed5-b697-8afe84ade142" testName="PerUnitTest3" computerName="BUILDSERVER01" duration="00:00:00.1941657" startTime="2013-08-09T17:03:35.7285005+05:30" endTime="2013-08-09T17:03:35.9316372+05:30" testType="13cdc9d9-ddb5-4fa4-a97d-d965ccfc6d4b" outcome="Passed" testListId="8c84fa94-04c1-424b-9868-57a2d4851a1d" relativeResultsDirectory="6dbc081f-9843-41d0-b606-3cec123378f8" />
    <UnitTestResult executionId="55b30e71-9f2d-49f6-abbb-b1b40af0cb2c" testId="279f3b7b-21d2-c777-588c-d924a1a32684" testName="PerPersonTest1" computerName="BUILDSERVER01" duration="00:00:00.1838722" startTime="2013-08-09T17:03:35.9316372+05:30" endTime="2013-08-09T17:03:36.1191480+05:30" testType="13cdc9d9-ddb5-4fa4-a97d-d965ccfc6d4b" outcome="Passed" testListId="8c84fa94-04c1-424b-9868-57a2d4851a1d" relativeResultsDirectory="55b30e71-9f2d-49f6-abbb-b1b40af0cb2c" />
    <UnitTestResult executionId="765357fc-c043-4eb1-9320-786bd67e18ce" testId="ad3c80ca-1baf-04df-607d-c55a06492a0c" testName="PerPersonTest2" computerName="BUILDSERVER01" duration="00:00:00.1828377" startTime="2013-08-09T17:03:36.1191480+05:30" endTime="2013-08-09T17:03:36.2910329+05:30" testType="13cdc9d9-ddb5-4fa4-a97d-d965ccfc6d4b" outcome="Passed" testListId="8c84fa94-04c1-424b-9868-57a2d4851a1d" relativeResultsDirectory="765357fc-c043-4eb1-9320-786bd67e18ce" />
    <UnitTestResult executionId="42fc9620-730d-4cfb-95b9-0a53901c0119" testId="dde81a12-95e2-f1f5-2c5f-76306ab85193" testName="PerPersonTes3" computerName="BUILDSERVER01" duration="00:00:00.1882987" startTime="2013-08-09T17:03:36.3222847+05:30" endTime="2013-08-09T17:03:36.5097955+05:30" testType="13cdc9d9-ddb5-4fa4-a97d-d965ccfc6d4b" outcome="Passed" testListId="8c84fa94-04c1-424b-9868-57a2d4851a1d" relativeResultsDirectory="42fc9620-730d-4cfb-95b9-0a53901c0119" />
    <UnitTestResult executionId="5adc4a6d-c78a-4acc-9658-0748fb63872b" testId="2ed513a4-f592-f7c1-8738-1e7281661e51" testName="TaxesTest1" computerName="BUILDSERVER01" duration="00:00:00.1858850" startTime="2013-08-09T17:03:36.5097955+05:30" endTime="2013-08-09T17:03:36.6973063+05:30" testType="13cdc9d9-ddb5-4fa4-a97d-d965ccfc6d4b" outcome="Passed" testListId="8c84fa94-04c1-424b-9868-57a2d4851a1d" relativeResultsDirectory="5adc4a6d-c78a-4acc-9658-0748fb63872b" />
    <UnitTestResult executionId="3a5db4fd-8599-4deb-8c3f-b3a297c2e8cc" testId="445ca9c8-0a77-fa0a-5a9d-ebd5e35ae65a" testName="TaxesTest2" computerName="BUILDSERVER01" duration="00:00:00.1939025" startTime="2013-08-09T17:03:36.6973063+05:30" endTime="2013-08-09T17:03:36.9004430+05:30" testType="13cdc9d9-ddb5-4fa4-a97d-d965ccfc6d4b" outcome="Passed" testListId="8c84fa94-04c1-424b-9868-57a2d4851a1d" relativeResultsDirectory="3a5db4fd-8599-4deb-8c3f-b3a297c2e8cc" />
    <UnitTestResult executionId="8c79ee10-c267-4505-8c66-28371720c0ef" testId="413b0e09-404d-f4b3-9852-ffb70e693f2e" testName="TaxesTest3" computerName="BUILDSERVER01" duration="00:00:00.1902856" startTime="2013-08-09T17:03:36.9004430+05:30" endTime="2013-08-09T17:03:37.0879538+05:30" testType="13cdc9d9-ddb5-4fa4-a97d-d965ccfc6d4b" outcome="Passed" testListId="8c84fa94-04c1-424b-9868-57a2d4851a1d" relativeResultsDirectory="8c79ee10-c267-4505-8c66-28371720c0ef" />
    <UnitTestResult executionId="f45fa451-91ec-4735-a3a4-219b90950c0d" testId="7acf3f4e-118b-129e-fd06-f004b2d81549" testName="PenaltiesTest1" computerName="BUILDSERVER01" duration="00:00:00.1992959" startTime="2013-08-09T17:03:37.0879538+05:30" endTime="2013-08-09T17:03:37.2910905+05:30" testType="13cdc9d9-ddb5-4fa4-a97d-d965ccfc6d4b" outcome="Passed" testListId="8c84fa94-04c1-424b-9868-57a2d4851a1d" relativeResultsDirectory="f45fa451-91ec-4735-a3a4-219b90950c0d" />
    <UnitTestResult executionId="cabb2e0d-b58d-4d0d-8568-1f3e9c072b73" testId="a798aecc-06d9-d4d8-070d-4373b4759dea" testName="PenaltiesTest2" computerName="BUILDSERVER01" duration="00:00:00.1845796" startTime="2013-08-09T17:03:37.2910905+05:30" endTime="2013-08-09T17:03:37.4786013+05:30" testType="13cdc9d9-ddb5-4fa4-a97d-d965ccfc6d4b" outcome="Passed" testListId="8c84fa94-04c1-424b-9868-57a2d4851a1d" relativeResultsDirectory="cabb2e0d-b58d-4d0d-8568-1f3e9c072b73" />
    <UnitTestResult executionId="fda0175e-e5e1-4f89-9d2e-f987b6c9aaeb" testId="b34b964f-53ce-0b60-e974-2aa9cbeef99f" testName="PenaltiesTest3" computerName="BUILDSERVER01" duration="00:00:00.1858529" startTime="2013-08-09T17:03:37.4786013+05:30" endTime="2013-08-09T17:03:37.6661121+05:30" testType="13cdc9d9-ddb5-4fa4-a97d-d965ccfc6d4b" outcome="Passed" testListId="8c84fa94-04c1-424b-9868-57a2d4851a1d" relativeResultsDirectory="fda0175e-e5e1-4f89-9d2e-f987b6c9aaeb" />
    <UnitTestResult executionId="65a67140-39ac-4881-90f1-eb425d43ca0f" testId="f08eba4a-fd37-54b2-5fbe-3a41d0adf331" testName="PoliciesTest1" computerName="BUILDSERVER01" duration="00:00:00.1928599" startTime="2013-08-09T17:03:37.6661121+05:30" endTime="2013-08-09T17:03:37.8536229+05:30" testType="13cdc9d9-ddb5-4fa4-a97d-d965ccfc6d4b" outcome="Passed" testListId="8c84fa94-04c1-424b-9868-57a2d4851a1d" relativeResultsDirectory="65a67140-39ac-4881-90f1-eb425d43ca0f" />
    <UnitTestResult executionId="9cbe2e70-e682-4070-b858-d9eb64411388" testId="96bd2102-2286-3a17-5e3c-8cc2d04a0fe8" testName="CurrencyTest1" computerName="BUILDSERVER01" duration="00:00:00.1887795" startTime="2013-08-09T17:03:37.8536229+05:30" endTime="2013-08-09T17:03:38.0567596+05:30" testType="13cdc9d9-ddb5-4fa4-a97d-d965ccfc6d4b" outcome="Passed" testListId="8c84fa94-04c1-424b-9868-57a2d4851a1d" relativeResultsDirectory="9cbe2e70-e682-4070-b858-d9eb64411388" />
    <UnitTestResult executionId="49b4daa4-581e-4327-ad76-bfe178a5f957" testId="930b9180-81ff-cfe4-a8fb-a73d83076247" testName="FilterByTagsTest1" computerName="BUILDSERVER01" duration="00:00:00.1949303" startTime="2013-08-09T17:03:38.0567596+05:30" endTime="2013-08-09T17:03:38.2442704+05:30" testType="13cdc9d9-ddb5-4fa4-a97d-d965ccfc6d4b" outcome="Passed" testListId="8c84fa94-04c1-424b-9868-57a2d4851a1d" relativeResultsDirectory="49b4daa4-581e-4327-ad76-bfe178a5f957" />
    <UnitTestResult executionId="5039e9bc-2f87-48b2-9726-4c175d2fed62" testId="3788db0a-d76b-d140-63f5-95a01c6f9d0c" testName="FilterByRateCodesTest1" computerName="BUILDSERVER01" duration="00:00:00.1837035" startTime="2013-08-09T17:03:38.2442704+05:30" endTime="2013-08-09T17:03:38.4317812+05:30" testType="13cdc9d9-ddb5-4fa4-a97d-d965ccfc6d4b" outcome="Passed" testListId="8c84fa94-04c1-424b-9868-57a2d4851a1d" relativeResultsDirectory="5039e9bc-2f87-48b2-9726-4c175d2fed62" />
    <UnitTestResult executionId="aa5e54f2-3431-4eab-92b0-b48b62d8411e" testId="0205d269-21bd-d161-e78e-a27f25295b23" testName="FilterByRateCodesTest2" computerName="BUILDSERVER01" duration="00:00:00.1872858" startTime="2013-08-09T17:03:38.4317812+05:30" endTime="2013-08-09T17:03:38.6192920+05:30" testType="13cdc9d9-ddb5-4fa4-a97d-d965ccfc6d4b" outcome="Passed" testListId="8c84fa94-04c1-424b-9868-57a2d4851a1d" relativeResultsDirectory="aa5e54f2-3431-4eab-92b0-b48b62d8411e" />
    <UnitTestResult executionId="7a0aaaf2-6075-4907-8397-32a8bbe57c89" testId="1806da16-cc12-7ba5-04ea-745b4813d54c" testName="FilterByRateCodesTest3" computerName="BUILDSERVER01" duration="00:00:00.2060597" startTime="2013-08-09T17:03:38.6192920+05:30" endTime="2013-08-09T17:03:38.8224287+05:30" testType="13cdc9d9-ddb5-4fa4-a97d-d965ccfc6d4b" outcome="Passed" testListId="8c84fa94-04c1-424b-9868-57a2d4851a1d" relativeResultsDirectory="7a0aaaf2-6075-4907-8397-32a8bbe57c89" />
    <UnitTestResult executionId="c66186b2-0898-46e2-b7ee-f3c19a2ca30e" testId="2d7e5acc-395c-9c16-1320-f8f41c2b3445" testName="ScopeTest1" computerName="BUILDSERVER01" duration="00:00:00.1835914" startTime="2013-08-09T17:03:38.8224287+05:30" endTime="2013-08-09T17:03:39.0099395+05:30" testType="13cdc9d9-ddb5-4fa4-a97d-d965ccfc6d4b" outcome="Passed" testListId="8c84fa94-04c1-424b-9868-57a2d4851a1d" relativeResultsDirectory="c66186b2-0898-46e2-b7ee-f3c19a2ca30e" />
    <UnitTestResult executionId="fdfd1232-418b-4920-aac5-4fb238b0ac6d" testId="d9e54881-aac7-d592-2d99-a60570338059" testName="ScopeTest2" computerName="BUILDSERVER01" duration="00:00:00.1892290" startTime="2013-08-09T17:03:39.0099395+05:30" endTime="2013-08-09T17:03:39.1974503+05:30" testType="13cdc9d9-ddb5-4fa4-a97d-d965ccfc6d4b" outcome="Passed" testListId="8c84fa94-04c1-424b-9868-57a2d4851a1d" relativeResultsDirectory="fdfd1232-418b-4920-aac5-4fb238b0ac6d" />
    <UnitTestResult executionId="8be9cd5a-e86d-4910-a0f6-d8b13291de05" testId="a0430587-ec24-f671-68b8-cbe11bb2709a" testName="AirportCodeTest1" computerName="BUILDSERVER01" duration="00:00:00.2064027" startTime="2013-08-09T17:03:39.1974503+05:30" endTime="2013-08-09T17:03:39.4162129+05:30" testType="13cdc9d9-ddb5-4fa4-a97d-d965ccfc6d4b" outcome="Passed" testListId="8c84fa94-04c1-424b-9868-57a2d4851a1d" relativeResultsDirectory="8be9cd5a-e86d-4910-a0f6-d8b13291de05" />
    <UnitTestResult executionId="00826beb-7515-4e2d-a3db-ba17a96a4f0f" testId="9890b5e1-471c-6381-f714-821257e98ee3" testName="SearchByActivityCodeContentEnabledTest1" computerName="BUILDSERVER01" duration="00:00:00.1976561" startTime="2013-08-09T17:03:39.4162129+05:30" endTime="2013-08-09T17:03:39.6193496+05:30" testType="13cdc9d9-ddb5-4fa4-a97d-d965ccfc6d4b" outcome="Passed" testListId="8c84fa94-04c1-424b-9868-57a2d4851a1d" relativeResultsDirectory="00826beb-7515-4e2d-a3db-ba17a96a4f0f" />
    <UnitTestResult executionId="03058f59-6189-4507-a5c9-36918851917f" testId="b53a3bb1-b5be-6756-6515-8faa308eb848" testName="SearchByActivityCodeContentDisabledTest1" computerName="BUILDSERVER01" duration="00:00:00.1570568" startTime="2013-08-09T17:03:39.6193496+05:30" endTime="2013-08-09T17:03:39.7756086+05:30" testType="13cdc9d9-ddb5-4fa4-a97d-d965ccfc6d4b" outcome="Passed" testListId="8c84fa94-04c1-424b-9868-57a2d4851a1d" relativeResultsDirectory="03058f59-6189-4507-a5c9-36918851917f" />
    <UnitTestResult executionId="57736cef-3330-433b-90cc-21e180287250" testId="38ab32f0-db8d-ae1b-f48e-18112ebf1a13" testName="BlackOutPeriodTest1" computerName="BUILDSERVER01" duration="00:00:00.1882066" startTime="2013-08-09T17:03:39.7756086+05:30" endTime="2013-08-09T17:03:39.9631194+05:30" testType="13cdc9d9-ddb5-4fa4-a97d-d965ccfc6d4b" outcome="Passed" testListId="8c84fa94-04c1-424b-9868-57a2d4851a1d" relativeResultsDirectory="57736cef-3330-433b-90cc-21e180287250" />
    <UnitTestResult executionId="bc6eb858-0a85-4189-8f2d-262299988810" testId="b5a0393e-5bf1-4512-9138-b8c7e1384c2b" testName="BlackOutPeriodTest2" computerName="BUILDSERVER01" duration="00:00:00.1855582" startTime="2013-08-09T17:03:39.9631194+05:30" endTime="2013-08-09T17:03:40.1506302+05:30" testType="13cdc9d9-ddb5-4fa4-a97d-d965ccfc6d4b" outcome="Passed" testListId="8c84fa94-04c1-424b-9868-57a2d4851a1d" relativeResultsDirectory="bc6eb858-0a85-4189-8f2d-262299988810" />
    <UnitTestResult executionId="d42e4b33-9072-4bef-9523-b3b2ac688b4f" testId="03be4ea0-f6c2-d08d-3590-029732c37261" testName="BlackOutPeriodTest3" computerName="BUILDSERVER01" duration="00:00:00.1907792" startTime="2013-08-09T17:03:40.1506302+05:30" endTime="2013-08-09T17:03:40.3381410+05:30" testType="13cdc9d9-ddb5-4fa4-a97d-d965ccfc6d4b" outcome="Passed" testListId="8c84fa94-04c1-424b-9868-57a2d4851a1d" relativeResultsDirectory="d42e4b33-9072-4bef-9523-b3b2ac688b4f" />
    <UnitTestResult executionId="4dbf03f7-553b-46e5-8f72-c4e5eaa5d62b" testId="7e992eb7-39ae-6450-2ee9-40bcf444b2c3" testName="RateContractTest1" computerName="BUILDSERVER01" duration="00:00:00.1936098" startTime="2013-08-09T17:03:40.3381410+05:30" endTime="2013-08-09T17:03:40.5256518+05:30" testType="13cdc9d9-ddb5-4fa4-a97d-d965ccfc6d4b" outcome="Passed" testListId="8c84fa94-04c1-424b-9868-57a2d4851a1d" relativeResultsDirectory="4dbf03f7-553b-46e5-8f72-c4e5eaa5d62b" />
    <UnitTestResult executionId="a9c3ac09-2e25-41fb-a7e6-1c11fdf1d6ff" testId="99ac3695-0c4f-9a45-e6cf-7cedaa76a74c" testName="RateContractTest2" computerName="BUILDSERVER01" duration="00:00:00.1799432" startTime="2013-08-09T17:03:40.5256518+05:30" endTime="2013-08-09T17:03:40.7131626+05:30" testType="13cdc9d9-ddb5-4fa4-a97d-d965ccfc6d4b" outcome="Passed" testListId="8c84fa94-04c1-424b-9868-57a2d4851a1d" relativeResultsDirectory="a9c3ac09-2e25-41fb-a7e6-1c11fdf1d6ff" />
    <UnitTestResult executionId="2d06a3ac-3479-4a7d-8658-d9bc652eecca" testId="de6e1768-b007-d338-4a88-9858da296785" testName="RateContractTest3" computerName="BUILDSERVER01" duration="00:00:00.1837976" startTime="2013-08-09T17:03:40.7131626+05:30" endTime="2013-08-09T17:03:40.9006734+05:30" testType="13cdc9d9-ddb5-4fa4-a97d-d965ccfc6d4b" outcome="Passed" testListId="8c84fa94-04c1-424b-9868-57a2d4851a1d" relativeResultsDirectory="2d06a3ac-3479-4a7d-8658-d9bc652eecca" />
    <UnitTestResult executionId="5dd8d822-7fa0-44d7-8b7f-c724345d61b4" testId="0ddec7d9-406e-850e-5ef5-5eb30e6bdafb" testName="RateContractTest4" computerName="BUILDSERVER01" duration="00:00:00.1777558" startTime="2013-08-09T17:03:40.9006734+05:30" endTime="2013-08-09T17:03:41.0725583+05:30" testType="13cdc9d9-ddb5-4fa4-a97d-d965ccfc6d4b" outcome="Passed" testListId="8c84fa94-04c1-424b-9868-57a2d4851a1d" relativeResultsDirectory="5dd8d822-7fa0-44d7-8b7f-c724345d61b4" />
    <UnitTestResult executionId="cb9f146b-7737-4d16-ba57-cf6865fbf73c" testId="91f69992-7b7d-7bcf-3bfd-b920ef756356" testName="RateContractTest5" computerName="BUILDSERVER01" duration="00:00:00.1883954" startTime="2013-08-09T17:03:41.0881842+05:30" endTime="2013-08-09T17:03:41.2756950+05:30" testType="13cdc9d9-ddb5-4fa4-a97d-d965ccfc6d4b" outcome="Passed" testListId="8c84fa94-04c1-424b-9868-57a2d4851a1d" relativeResultsDirectory="cb9f146b-7737-4d16-ba57-cf6865fbf73c" />
    <UnitTestResult executionId="a7598820-1858-41e2-95bf-f16b59ed251c" testId="966c528f-4cb1-b2cc-a8bb-e10dc9356397" testName="RateContractTest6" computerName="BUILDSERVER01" duration="00:00:00.1784137" startTime="2013-08-09T17:03:41.2756950+05:30" endTime="2013-08-09T17:03:41.4475799+05:30" testType="13cdc9d9-ddb5-4fa4-a97d-d965ccfc6d4b" outcome="Passed" testListId="8c84fa94-04c1-424b-9868-57a2d4851a1d" relativeResultsDirectory="a7598820-1858-41e2-95bf-f16b59ed251c" />
    <UnitTestResult executionId="e82d2114-9ed6-4c44-825a-c95890467f99" testId="a5f69b14-a6dd-b91b-b2f6-49ab29a3a067" testName="RateContractTest7" computerName="BUILDSERVER01" duration="00:00:00.1763872" startTime="2013-08-09T17:03:41.4475799+05:30" endTime="2013-08-09T17:03:41.6194648+05:30" testType="13cdc9d9-ddb5-4fa4-a97d-d965ccfc6d4b" outcome="Passed" testListId="8c84fa94-04c1-424b-9868-57a2d4851a1d" relativeResultsDirectory="e82d2114-9ed6-4c44-825a-c95890467f99" />
    <UnitTestResult executionId="c23c1ae5-f54e-40a1-b4c1-e7d381a4c6d5" testId="e71db15a-97bf-8c84-915e-01b86b620ac6" testName="RateContractTest8" computerName="BUILDSERVER01" duration="00:00:00.2114576" startTime="2013-08-09T17:03:41.6350907+05:30" endTime="2013-08-09T17:03:41.8382274+05:30" testType="13cdc9d9-ddb5-4fa4-a97d-d965ccfc6d4b" outcome="Passed" testListId="8c84fa94-04c1-424b-9868-57a2d4851a1d" relativeResultsDirectory="c23c1ae5-f54e-40a1-b4c1-e7d381a4c6d5" />
    <UnitTestResult executionId="5759083b-b2d4-4f3e-a702-698968daed11" testId="df23acf0-5bdf-6edb-ea0b-56f38fb1d471" testName="RateContractTest9" computerName="BUILDSERVER01" duration="00:00:00.2026388" startTime="2013-08-09T17:03:41.8382274+05:30" endTime="2013-08-09T17:03:42.0413641+05:30" testType="13cdc9d9-ddb5-4fa4-a97d-d965ccfc6d4b" outcome="Passed" testListId="8c84fa94-04c1-424b-9868-57a2d4851a1d" relativeResultsDirectory="5759083b-b2d4-4f3e-a702-698968daed11" />
    <UnitTestResult executionId="dbd6810b-fd40-44ee-8f92-1d899f6694d1" testId="3e29de8b-0801-df23-ebb9-fb3367d4af0d" testName="GuestInformationTest1" computerName="BUILDSERVER01" duration="00:00:00.2131804" startTime="2013-08-09T17:03:42.0413641+05:30" endTime="2013-08-09T17:03:42.2601267+05:30" testType="13cdc9d9-ddb5-4fa4-a97d-d965ccfc6d4b" outcome="Passed" testListId="8c84fa94-04c1-424b-9868-57a2d4851a1d" relativeResultsDirectory="dbd6810b-fd40-44ee-8f92-1d899f6694d1" />
    <UnitTestResult executionId="5178ed49-8aa5-41bf-a926-149d8a66cea4" testId="43b67b14-6f73-d9a9-99cd-1bb991f6b948" testName="GuestInformationTest2" computerName="BUILDSERVER01" duration="00:00:00.1911684" startTime="2013-08-09T17:03:42.2601267+05:30" endTime="2013-08-09T17:03:42.4476375+05:30" testType="13cdc9d9-ddb5-4fa4-a97d-d965ccfc6d4b" outcome="Passed" testListId="8c84fa94-04c1-424b-9868-57a2d4851a1d" relativeResultsDirectory="5178ed49-8aa5-41bf-a926-149d8a66cea4" />
    <UnitTestResult executionId="9e262aed-8dac-4f0f-88f8-c6cb96690f8c" testId="23ff6f45-f6b7-e3a2-4451-53cab4abfabc" testName="GuestInformationTest3" computerName="BUILDSERVER01" duration="00:00:00.1954720" startTime="2013-08-09T17:03:42.4476375+05:30" endTime="2013-08-09T17:03:42.6507742+05:30" testType="13cdc9d9-ddb5-4fa4-a97d-d965ccfc6d4b" outcome="Passed" testListId="8c84fa94-04c1-424b-9868-57a2d4851a1d" relativeResultsDirectory="9e262aed-8dac-4f0f-88f8-c6cb96690f8c" />
    <UnitTestResult executionId="bdbe29d5-d6e7-4347-8c18-268971526b87" testId="000163e0-91ab-0aaa-d36f-3598050b52f7" testName="GuestInformationTest4" computerName="BUILDSERVER01" duration="00:00:00.1908859" startTime="2013-08-09T17:03:42.6507742+05:30" endTime="2013-08-09T17:03:42.8382850+05:30" testType="13cdc9d9-ddb5-4fa4-a97d-d965ccfc6d4b" outcome="Passed" testListId="8c84fa94-04c1-424b-9868-57a2d4851a1d" relativeResultsDirectory="bdbe29d5-d6e7-4347-8c18-268971526b87" />
    <UnitTestResult executionId="ea6d6b05-2df1-4ea3-b8ac-10c0da6ece00" testId="d3fb4f5a-0c6f-6dea-7b7a-b88527924885" testName="GuestInformationTest5" computerName="BUILDSERVER01" duration="00:00:00.1940213" startTime="2013-08-09T17:03:42.8382850+05:30" endTime="2013-08-09T17:03:43.0414217+05:30" testType="13cdc9d9-ddb5-4fa4-a97d-d965ccfc6d4b" outcome="Passed" testListId="8c84fa94-04c1-424b-9868-57a2d4851a1d" relativeResultsDirectory="ea6d6b05-2df1-4ea3-b8ac-10c0da6ece00" />
    <UnitTestResult executionId="b5b0c0fb-6e31-41dc-a6bd-4a8506956f76" testId="708ed526-73f5-6b4d-704a-ed025f59d14c" testName="GuestInformationTest6" computerName="BUILDSERVER01" duration="00:00:00.1889608" startTime="2013-08-09T17:03:43.0414217+05:30" endTime="2013-08-09T17:03:43.2289325+05:30" testType="13cdc9d9-ddb5-4fa4-a97d-d965ccfc6d4b" outcome="Passed" testListId="8c84fa94-04c1-424b-9868-57a2d4851a1d" relativeResultsDirectory="b5b0c0fb-6e31-41dc-a6bd-4a8506956f76" />
    <UnitTestResult executionId="8db18c30-197a-446d-8ad0-c5db49c05feb" testId="1ef8638a-aaa6-ebb3-b810-b85192b72dde" testName="WeekEndDayPricingTest1" computerName="BUILDSERVER01" duration="00:00:00.1882870" startTime="2013-08-09T17:03:43.2289325+05:30" endTime="2013-08-09T17:03:43.4164433+05:30" testType="13cdc9d9-ddb5-4fa4-a97d-d965ccfc6d4b" outcome="Passed" testListId="8c84fa94-04c1-424b-9868-57a2d4851a1d" relativeResultsDirectory="8db18c30-197a-446d-8ad0-c5db49c05feb" />
    <UnitTestResult executionId="2737f9ce-0c98-425b-87c7-5b354e740337" testId="bbca7f70-4467-2673-ed20-89900695bea0" testName="WeekEndDayPricingTest2" computerName="BUILDSERVER01" duration="00:00:00.2092757" startTime="2013-08-09T17:03:43.4164433+05:30" endTime="2013-08-09T17:03:43.6195800+05:30" testType="13cdc9d9-ddb5-4fa4-a97d-d965ccfc6d4b" outcome="Passed" testListId="8c84fa94-04c1-424b-9868-57a2d4851a1d" relativeResultsDirectory="2737f9ce-0c98-425b-87c7-5b354e740337" />
    <UnitTestResult executionId="6b339902-d8db-45c4-986f-1222d3a2bf64" testId="a922f362-408f-7841-48b4-79297e449827" testName="WeekEndDayPricingTest3" computerName="BUILDSERVER01" duration="00:00:00.3317231" startTime="2013-08-09T17:03:43.6195800+05:30" endTime="2013-08-09T17:03:43.9633498+05:30" testType="13cdc9d9-ddb5-4fa4-a97d-d965ccfc6d4b" outcome="Passed" testListId="8c84fa94-04c1-424b-9868-57a2d4851a1d" relativeResultsDirectory="6b339902-d8db-45c4-986f-1222d3a2bf64" />
    <UnitTestResult executionId="1ad16eb9-70db-4ce1-bbaa-3cef686c42a7" testId="662b8da8-e11c-11dd-39a3-4a5315335a91" testName="AvailabilityTest1" computerName="BUILDSERVER01" duration="00:00:00.1963649" startTime="2013-08-09T17:03:43.9633498+05:30" endTime="2013-08-09T17:03:44.1508606+05:30" testType="13cdc9d9-ddb5-4fa4-a97d-d965ccfc6d4b" outcome="Passed" testListId="8c84fa94-04c1-424b-9868-57a2d4851a1d" relativeResultsDirectory="1ad16eb9-70db-4ce1-bbaa-3cef686c42a7" />
    <UnitTestResult executionId="dc9d4a62-9d3d-4c6e-8a4c-3243852fe8da" testId="65fd3a0e-529b-9dde-c139-8bccaf8fee39" testName="AvailabilityTest2" computerName="BUILDSERVER01" duration="00:00:00.1892807" startTime="2013-08-09T17:03:44.1664865+05:30" endTime="2013-08-09T17:03:44.3539973+05:30" testType="13cdc9d9-ddb5-4fa4-a97d-d965ccfc6d4b" outcome="Passed" testListId="8c84fa94-04c1-424b-9868-57a2d4851a1d" relativeResultsDirectory="dc9d4a62-9d3d-4c6e-8a4c-3243852fe8da" />
    <UnitTestResult executionId="ba2c66cb-5fa1-4ba5-bf8e-38b7298cd730" testId="512d19eb-d880-c7b1-d022-fe9d6cdd2cc4" testName="IsOnRequestTest1" computerName="BUILDSERVER01" duration="00:00:00.1943006" startTime="2013-08-09T17:03:44.3539973+05:30" endTime="2013-08-09T17:03:44.5415081+05:30" testType="13cdc9d9-ddb5-4fa4-a97d-d965ccfc6d4b" outcome="Passed" testListId="8c84fa94-04c1-424b-9868-57a2d4851a1d" relativeResultsDirectory="ba2c66cb-5fa1-4ba5-bf8e-38b7298cd730" />
    <UnitTestResult executionId="8c46acbc-468d-4092-8453-9a3872ce209c" testId="3491d203-6c7a-8c4e-7bb0-83502c14ab63" testName="IsOnRequestTest2" computerName="BUILDSERVER01" duration="00:00:00.1858543" startTime="2013-08-09T17:03:44.5415081+05:30" endTime="2013-08-09T17:03:44.7290189+05:30" testType="13cdc9d9-ddb5-4fa4-a97d-d965ccfc6d4b" outcome="Passed" testListId="8c84fa94-04c1-424b-9868-57a2d4851a1d" relativeResultsDirectory="8c46acbc-468d-4092-8453-9a3872ce209c" />
    <UnitTestResult executionId="346f8000-32c9-42e7-b358-6abfe33e98a0" testId="859f62f5-0710-a50d-0125-a9c88c118438" testName="IsOnRequestTest3" computerName="BUILDSERVER01" duration="00:00:00.1941981" startTime="2013-08-09T17:03:44.7290189+05:30" endTime="2013-08-09T17:03:44.9321556+05:30" testType="13cdc9d9-ddb5-4fa4-a97d-d965ccfc6d4b" outcome="Passed" testListId="8c84fa94-04c1-424b-9868-57a2d4851a1d" relativeResultsDirectory="346f8000-32c9-42e7-b358-6abfe33e98a0" />
    <UnitTestResult executionId="06273741-ca43-4c0a-9755-01964b2e1e7c" testId="dad74ab1-33d9-eeb4-27b3-b67c109d546b" testName="IsOnRequestTest4" computerName="BUILDSERVER01" duration="00:00:00.1869421" startTime="2013-08-09T17:03:44.9321556+05:30" endTime="2013-08-09T17:03:45.1196664+05:30" testType="13cdc9d9-ddb5-4fa4-a97d-d965ccfc6d4b" outcome="Passed" testListId="8c84fa94-04c1-424b-9868-57a2d4851a1d" relativeResultsDirectory="06273741-ca43-4c0a-9755-01964b2e1e7c" />
    <UnitTestResult executionId="07fc1222-2158-485e-9965-f3a5da306b20" testId="aea4084e-29b5-a789-64c9-d5a9943ab960" testName="PerUnitTest1" computerName="BUILDSERVER01" duration="00:00:00.1921381" startTime="2013-08-09T17:03:45.1196664+05:30" endTime="2013-08-09T17:03:45.3071772+05:30" testType="13cdc9d9-ddb5-4fa4-a97d-d965ccfc6d4b" outcome="Passed" testListId="8c84fa94-04c1-424b-9868-57a2d4851a1d" relativeResultsDirectory="07fc1222-2158-485e-9965-f3a5da306b20" />
    <UnitTestResult executionId="3613b0e0-8817-47a1-b621-6f6f7977d8b5" testId="84a83906-7370-bbae-5b8a-6458991034a9" testName="PerUnitTest2" computerName="BUILDSERVER01" duration="00:00:00.1828020" startTime="2013-08-09T17:03:45.3071772+05:30" endTime="2013-08-09T17:03:45.4946880+05:30" testType="13cdc9d9-ddb5-4fa4-a97d-d965ccfc6d4b" outcome="Passed" testListId="8c84fa94-04c1-424b-9868-57a2d4851a1d" relativeResultsDirectory="3613b0e0-8817-47a1-b621-6f6f7977d8b5" />
    <UnitTestResult executionId="2ebd32c9-f2bc-4320-bc52-250965e5fc68" testId="8662c243-082e-d5e0-0a85-228ee68a42e2" testName="PerUnitTest3" computerName="BUILDSERVER01" duration="00:00:00.1905624" startTime="2013-08-09T17:03:45.4946880+05:30" endTime="2013-08-09T17:03:45.6821988+05:30" testType="13cdc9d9-ddb5-4fa4-a97d-d965ccfc6d4b" outcome="Passed" testListId="8c84fa94-04c1-424b-9868-57a2d4851a1d" relativeResultsDirectory="2ebd32c9-f2bc-4320-bc52-250965e5fc68" />
    <UnitTestResult executionId="a069f97a-346c-48cb-9f0c-e59940959100" testId="c52c0759-3dcd-7a87-4324-4aa52dbefdda" testName="PerPersonTest1" computerName="BUILDSERVER01" duration="00:00:00.2334397" startTime="2013-08-09T17:03:45.6821988+05:30" endTime="2013-08-09T17:03:45.9165873+05:30" testType="13cdc9d9-ddb5-4fa4-a97d-d965ccfc6d4b" outcome="Passed" testListId="8c84fa94-04c1-424b-9868-57a2d4851a1d" relativeResultsDirectory="a069f97a-346c-48cb-9f0c-e59940959100" />
    <UnitTestResult executionId="c64754f6-aed5-4f73-99c2-948b58176112" testId="12374823-f2bf-f8da-3d19-f7578f1d4f7c" testName="PerPersonTest2" computerName="BUILDSERVER01" duration="00:00:00.2022206" startTime="2013-08-09T17:03:45.9165873+05:30" endTime="2013-08-09T17:03:46.1197240+05:30" testType="13cdc9d9-ddb5-4fa4-a97d-d965ccfc6d4b" outcome="Passed" testListId="8c84fa94-04c1-424b-9868-57a2d4851a1d" relativeResultsDirectory="c64754f6-aed5-4f73-99c2-948b58176112" />
    <UnitTestResult executionId="40d768b8-07bc-4e2a-84c2-ba8757d0b5fb" testId="2d2b36ac-cec2-dd3b-ef6a-0d4a6419b592" testName="PerPersonTes3" computerName="BUILDSERVER01" duration="00:00:00.1857294" startTime="2013-08-09T17:03:46.1197240+05:30" endTime="2013-08-09T17:03:46.3072348+05:30" testType="13cdc9d9-ddb5-4fa4-a97d-d965ccfc6d4b" outcome="Passed" testListId="8c84fa94-04c1-424b-9868-57a2d4851a1d" relativeResultsDirectory="40d768b8-07bc-4e2a-84c2-ba8757d0b5fb" />
    <UnitTestResult executionId="568bb229-982e-4ae3-aa1c-6a3bdcb2ebc4" testId="408a234b-e1f6-f523-3055-b975b398ec8d" testName="TaxesTest1" computerName="BUILDSERVER01" duration="00:00:00.1974292" startTime="2013-08-09T17:03:46.3072348+05:30" endTime="2013-08-09T17:03:46.5103715+05:30" testType="13cdc9d9-ddb5-4fa4-a97d-d965ccfc6d4b" outcome="Passed" testListId="8c84fa94-04c1-424b-9868-57a2d4851a1d" relativeResultsDirectory="568bb229-982e-4ae3-aa1c-6a3bdcb2ebc4" />
    <UnitTestResult executionId="fb4d51ac-aff0-49e0-a197-30c3c5406c15" testId="25882cf7-bd1e-8820-07ab-167220235732" testName="TaxesTest2" computerName="BUILDSERVER01" duration="00:00:00.1853872" startTime="2013-08-09T17:03:46.5103715+05:30" endTime="2013-08-09T17:03:46.6978823+05:30" testType="13cdc9d9-ddb5-4fa4-a97d-d965ccfc6d4b" outcome="Passed" testListId="8c84fa94-04c1-424b-9868-57a2d4851a1d" relativeResultsDirectory="fb4d51ac-aff0-49e0-a197-30c3c5406c15" />
    <UnitTestResult executionId="572e9aa5-e402-4abc-8b95-28235675f44a" testId="0f989856-7e0f-8c14-2223-5c6786b022a7" testName="TaxesTest3" computerName="BUILDSERVER01" duration="00:00:00.1889175" startTime="2013-08-09T17:03:46.6978823+05:30" endTime="2013-08-09T17:03:46.8853931+05:30" testType="13cdc9d9-ddb5-4fa4-a97d-d965ccfc6d4b" outcome="Passed" testListId="8c84fa94-04c1-424b-9868-57a2d4851a1d" relativeResultsDirectory="572e9aa5-e402-4abc-8b95-28235675f44a" />
    <UnitTestResult executionId="a22d87f5-53e5-4d2e-904e-80cd69a15003" testId="de7000e9-fa4c-4bc6-c0e7-4c94bb6e3fc1" testName="PenaltiesTest1" computerName="BUILDSERVER01" duration="00:00:00.1995750" startTime="2013-08-09T17:03:46.9010190+05:30" endTime="2013-08-09T17:03:47.0885298+05:30" testType="13cdc9d9-ddb5-4fa4-a97d-d965ccfc6d4b" outcome="Passed" testListId="8c84fa94-04c1-424b-9868-57a2d4851a1d" relativeResultsDirectory="a22d87f5-53e5-4d2e-904e-80cd69a15003" />
    <UnitTestResult executionId="a5e51d09-b435-4c2f-af11-c984a38facca" testId="5f599953-261f-1baa-673d-130662061489" testName="PenaltiesTest2" computerName="BUILDSERVER01" duration="00:00:00.1845170" startTime="2013-08-09T17:03:47.0885298+05:30" endTime="2013-08-09T17:03:47.2760406+05:30" testType="13cdc9d9-ddb5-4fa4-a97d-d965ccfc6d4b" outcome="Passed" testListId="8c84fa94-04c1-424b-9868-57a2d4851a1d" relativeResultsDirectory="a5e51d09-b435-4c2f-af11-c984a38facca" />
    <UnitTestResult executionId="a038bec2-eed0-4156-b67e-69f7d5ea9efa" testId="925aa9e0-5112-af2f-b37f-6563a41da01c" testName="PenaltiesTest3" computerName="BUILDSERVER01" duration="00:00:00.1910075" startTime="2013-08-09T17:03:47.2916665+05:30" endTime="2013-08-09T17:03:47.4791773+05:30" testType="13cdc9d9-ddb5-4fa4-a97d-d965ccfc6d4b" outcome="Passed" testListId="8c84fa94-04c1-424b-9868-57a2d4851a1d" relativeResultsDirectory="a038bec2-eed0-4156-b67e-69f7d5ea9efa" />
    <UnitTestResult executionId="86a4233c-5d15-486e-b657-1aeb908e532b" testId="de385433-b0d2-0ba5-99b2-d2423fe5325a" testName="PoliciesTest1" computerName="BUILDSERVER01" duration="00:00:00.1847779" startTime="2013-08-09T17:03:47.4791773+05:30" endTime="2013-08-09T17:03:47.6666881+05:30" testType="13cdc9d9-ddb5-4fa4-a97d-d965ccfc6d4b" outcome="Passed" testListId="8c84fa94-04c1-424b-9868-57a2d4851a1d" relativeResultsDirectory="86a4233c-5d15-486e-b657-1aeb908e532b" />
    <UnitTestResult executionId="684e6375-894c-453c-8590-f81317e6683a" testId="072b3430-2380-439d-d9fa-aed0e7e5f2ae" testName="CurrencyTest1" computerName="BUILDSERVER01" duration="00:00:00.1908630" startTime="2013-08-09T17:03:47.6666881+05:30" endTime="2013-08-09T17:03:47.8541989+05:30" testType="13cdc9d9-ddb5-4fa4-a97d-d965ccfc6d4b" outcome="Passed" testListId="8c84fa94-04c1-424b-9868-57a2d4851a1d" relativeResultsDirectory="684e6375-894c-453c-8590-f81317e6683a" />
    <UnitTestResult executionId="3ba827c9-2b26-4e85-b418-be9db4775397" testId="228b59eb-d495-0003-cd22-24851a2caa64" testName="FilterByTagsTest1" computerName="BUILDSERVER01" duration="00:00:00.1913083" startTime="2013-08-09T17:03:47.8541989+05:30" endTime="2013-08-09T17:03:48.0417097+05:30" testType="13cdc9d9-ddb5-4fa4-a97d-d965ccfc6d4b" outcome="Passed" testListId="8c84fa94-04c1-424b-9868-57a2d4851a1d" relativeResultsDirectory="3ba827c9-2b26-4e85-b418-be9db4775397" />
    <UnitTestResult executionId="35e6a8e9-3811-4437-a820-712b3681b064" testId="2f4137f9-86fb-45de-1b05-26b7aea3d4c0" testName="FilterByRateCodesTest1" computerName="BUILDSERVER01" duration="00:00:00.1912625" startTime="2013-08-09T17:03:48.0417097+05:30" endTime="2013-08-09T17:03:48.2448464+05:30" testType="13cdc9d9-ddb5-4fa4-a97d-d965ccfc6d4b" outcome="Passed" testListId="8c84fa94-04c1-424b-9868-57a2d4851a1d" relativeResultsDirectory="35e6a8e9-3811-4437-a820-712b3681b064" />
    <UnitTestResult executionId="99e09596-2966-4ad1-98bf-ce88fc540650" testId="65c07103-3471-fd8e-51c7-64ccf905eb6a" testName="FilterByRateCodesTest2" computerName="BUILDSERVER01" duration="00:00:00.1919039" startTime="2013-08-09T17:03:48.2448464+05:30" endTime="2013-08-09T17:03:48.4323572+05:30" testType="13cdc9d9-ddb5-4fa4-a97d-d965ccfc6d4b" outcome="Passed" testListId="8c84fa94-04c1-424b-9868-57a2d4851a1d" relativeResultsDirectory="99e09596-2966-4ad1-98bf-ce88fc540650" />
    <UnitTestResult executionId="861889d5-5119-4ab7-8813-f393deb0608f" testId="792d6800-47be-84f7-7f3e-7bb3f4275301" testName="FilterByRateCodesTest3" computerName="BUILDSERVER01" duration="00:00:00.2127018" startTime="2013-08-09T17:03:48.4323572+05:30" endTime="2013-08-09T17:03:48.6511198+05:30" testType="13cdc9d9-ddb5-4fa4-a97d-d965ccfc6d4b" outcome="Passed" testListId="8c84fa94-04c1-424b-9868-57a2d4851a1d" relativeResultsDirectory="861889d5-5119-4ab7-8813-f393deb0608f" />
    <UnitTestResult executionId="3d54820e-2abc-4ad1-876e-73682c7d7207" testId="63f82f2b-94d8-6638-2b31-ff5867e33380" testName="ScopeTest1" computerName="BUILDSERVER01" duration="00:00:00.1768976" startTime="2013-08-09T17:03:48.6511198+05:30" endTime="2013-08-09T17:03:48.8230047+05:30" testType="13cdc9d9-ddb5-4fa4-a97d-d965ccfc6d4b" outcome="Passed" testListId="8c84fa94-04c1-424b-9868-57a2d4851a1d" relativeResultsDirectory="3d54820e-2abc-4ad1-876e-73682c7d7207" />
    <UnitTestResult executionId="10278720-aa77-4028-9212-435b47ff5b02" testId="c1183241-7b01-4138-f11e-67614196d4ff" testName="ScopeTest2" computerName="BUILDSERVER01" duration="00:00:00.1982391" startTime="2013-08-09T17:03:48.8230047+05:30" endTime="2013-08-09T17:03:49.0261414+05:30" testType="13cdc9d9-ddb5-4fa4-a97d-d965ccfc6d4b" outcome="Passed" testListId="8c84fa94-04c1-424b-9868-57a2d4851a1d" relativeResultsDirectory="10278720-aa77-4028-9212-435b47ff5b02" />
    <UnitTestResult executionId="83cdd9da-214c-4c26-9fec-9f513d4cbab4" testId="35b62bbd-047c-0e62-48ce-5f54fdf41074" testName="SearchByActivityCode1" computerName="BUILDSERVER01" duration="00:00:00.1998957" startTime="2013-08-09T17:03:49.0261414+05:30" endTime="2013-08-09T17:03:49.2292781+05:30" testType="13cdc9d9-ddb5-4fa4-a97d-d965ccfc6d4b" outcome="Passed" testListId="8c84fa94-04c1-424b-9868-57a2d4851a1d" relativeResultsDirectory="83cdd9da-214c-4c26-9fec-9f513d4cbab4" />
    <UnitTestResult executionId="891a386a-7660-4cb7-9f18-caced49d1eb9" testId="a55a7e60-bb8c-e356-9790-673420e3c4ee" testName="SearchByActivityCode2" computerName="BUILDSERVER01" duration="00:00:00.1608324" startTime="2013-08-09T17:03:49.2292781+05:30" endTime="2013-08-09T17:03:49.3855371+05:30" testType="13cdc9d9-ddb5-4fa4-a97d-d965ccfc6d4b" outcome="Passed" testListId="8c84fa94-04c1-424b-9868-57a2d4851a1d" relativeResultsDirectory="891a386a-7660-4cb7-9f18-caced49d1eb9" />
    <UnitTestResult executionId="4f1bc433-1826-4255-a061-346aadba247c" testId="562a91ee-5a2b-00e1-089e-b53a3e66bf7c" testName="BlackOutPeriodTest1" computerName="BUILDSERVER01" duration="00:00:00.1823798" startTime="2013-08-09T17:03:49.3855371+05:30" endTime="2013-08-09T17:03:49.5730479+05:30" testType="13cdc9d9-ddb5-4fa4-a97d-d965ccfc6d4b" outcome="Passed" testListId="8c84fa94-04c1-424b-9868-57a2d4851a1d" relativeResultsDirectory="4f1bc433-1826-4255-a061-346aadba247c" />
    <UnitTestResult executionId="3dae374d-0cdc-4ca8-809d-bdf2d316846c" testId="51dd57ec-ccf3-797a-e208-710aa00c879d" testName="BlackOutPeriodTest2" computerName="BUILDSERVER01" duration="00:00:00.1980986" startTime="2013-08-09T17:03:49.5730479+05:30" endTime="2013-08-09T17:03:49.7761846+05:30" testType="13cdc9d9-ddb5-4fa4-a97d-d965ccfc6d4b" outcome="Passed" testListId="8c84fa94-04c1-424b-9868-57a2d4851a1d" relativeResultsDirectory="3dae374d-0cdc-4ca8-809d-bdf2d316846c" />
    <UnitTestResult executionId="ffe5d296-45b7-4f67-821e-4033037038d6" testId="8faa753c-3396-717c-d2b0-471eefdb9199" testName="RateContractTest1" computerName="BUILDSERVER01" duration="00:00:00.1832749" startTime="2013-08-09T17:03:49.7761846+05:30" endTime="2013-08-09T17:03:49.9636954+05:30" testType="13cdc9d9-ddb5-4fa4-a97d-d965ccfc6d4b" outcome="Passed" testListId="8c84fa94-04c1-424b-9868-57a2d4851a1d" relativeResultsDirectory="ffe5d296-45b7-4f67-821e-4033037038d6" />
    <UnitTestResult executionId="3fd37b9e-49c5-4b7c-b119-89a075cc8c9c" testId="4a1fd4ed-79cb-db5b-edca-ca56e6439175" testName="RateContractTest2" computerName="BUILDSERVER01" duration="00:00:00.1792490" startTime="2013-08-09T17:03:49.9636954+05:30" endTime="2013-08-09T17:03:50.1355803+05:30" testType="13cdc9d9-ddb5-4fa4-a97d-d965ccfc6d4b" outcome="Passed" testListId="8c84fa94-04c1-424b-9868-57a2d4851a1d" relativeResultsDirectory="3fd37b9e-49c5-4b7c-b119-89a075cc8c9c" />
    <UnitTestResult executionId="3c186a9c-a2dd-4c77-bfdc-c954cded7b2f" testId="73625e66-977e-ebef-b6f4-68d1654f395e" testName="RateContractTest3" computerName="BUILDSERVER01" duration="00:00:00.1746694" startTime="2013-08-09T17:03:50.1355803+05:30" endTime="2013-08-09T17:03:50.3074652+05:30" testType="13cdc9d9-ddb5-4fa4-a97d-d965ccfc6d4b" outcome="Passed" testListId="8c84fa94-04c1-424b-9868-57a2d4851a1d" relativeResultsDirectory="3c186a9c-a2dd-4c77-bfdc-c954cded7b2f" />
    <UnitTestResult executionId="70659000-f1c1-464a-adb3-35cdacb7da3f" testId="b2d25eda-4009-d8e9-931a-03918c0efa68" testName="RateContractTest4" computerName="BUILDSERVER01" duration="00:00:00.1840996" startTime="2013-08-09T17:03:50.3074652+05:30" endTime="2013-08-09T17:03:50.4949760+05:30" testType="13cdc9d9-ddb5-4fa4-a97d-d965ccfc6d4b" outcome="Passed" testListId="8c84fa94-04c1-424b-9868-57a2d4851a1d" relativeResultsDirectory="70659000-f1c1-464a-adb3-35cdacb7da3f" />
    <UnitTestResult executionId="abcbe7fc-8a74-4602-8ae3-7a45cfdd4d0f" testId="48917dc3-d286-1f13-7734-0b2fa6e582c9" testName="RateContractTest5" computerName="BUILDSERVER01" duration="00:00:00.1796493" startTime="2013-08-09T17:03:50.5106019+05:30" endTime="2013-08-09T17:03:50.6824868+05:30" testType="13cdc9d9-ddb5-4fa4-a97d-d965ccfc6d4b" outcome="Passed" testListId="8c84fa94-04c1-424b-9868-57a2d4851a1d" relativeResultsDirectory="abcbe7fc-8a74-4602-8ae3-7a45cfdd4d0f" />
    <UnitTestResult executionId="b3087eb6-5d13-4f94-9bf8-c38bd88c0cef" testId="efa02f09-64b8-99df-d69b-4070c46d820a" testName="RateContractTest6" computerName="BUILDSERVER01" duration="00:00:00.1812881" startTime="2013-08-09T17:03:50.6824868+05:30" endTime="2013-08-09T17:03:50.8699976+05:30" testType="13cdc9d9-ddb5-4fa4-a97d-d965ccfc6d4b" outcome="Passed" testListId="8c84fa94-04c1-424b-9868-57a2d4851a1d" relativeResultsDirectory="b3087eb6-5d13-4f94-9bf8-c38bd88c0cef" />
    <UnitTestResult executionId="e8bebed2-bf81-46c7-9e2d-f6a22bc0510e" testId="3e80942b-05a7-39c3-0671-6682f9cd8177" testName="RateContractTest7" computerName="BUILDSERVER01" duration="00:00:00.1744643" startTime="2013-08-09T17:03:50.8699976+05:30" endTime="2013-08-09T17:03:51.0418825+05:30" testType="13cdc9d9-ddb5-4fa4-a97d-d965ccfc6d4b" outcome="Passed" testListId="8c84fa94-04c1-424b-9868-57a2d4851a1d" relativeResultsDirectory="e8bebed2-bf81-46c7-9e2d-f6a22bc0510e" />
    <UnitTestResult executionId="f43f9b44-ea69-4be4-978a-635be1f76ba7" testId="319fd9f6-382e-1e66-1baf-067a38938e5b" testName="RateContractTest8" computerName="BUILDSERVER01" duration="00:00:00.2032138" startTime="2013-08-09T17:03:51.0418825+05:30" endTime="2013-08-09T17:03:51.2450192+05:30" testType="13cdc9d9-ddb5-4fa4-a97d-d965ccfc6d4b" outcome="Passed" testListId="8c84fa94-04c1-424b-9868-57a2d4851a1d" relativeResultsDirectory="f43f9b44-ea69-4be4-978a-635be1f76ba7" />
    <UnitTestResult executionId="15dfd7db-f6f7-4974-b198-60c63e51b7da" testId="cd5ad7eb-412a-b4c4-7f35-d0f08dadf18b" testName="RateContractTest9" computerName="BUILDSERVER01" duration="00:00:00.1969588" startTime="2013-08-09T17:03:51.2450192+05:30" endTime="2013-08-09T17:03:51.4481559+05:30" testType="13cdc9d9-ddb5-4fa4-a97d-d965ccfc6d4b" outcome="Passed" testListId="8c84fa94-04c1-424b-9868-57a2d4851a1d" relativeResultsDirectory="15dfd7db-f6f7-4974-b198-60c63e51b7da" />
    <UnitTestResult executionId="472cd39a-7284-4b44-ab18-32bc5f2c0e91" testId="75fb9a13-c63f-dbea-f333-0dbfe13aae6b" testName="GuestInformationTest1" computerName="BUILDSERVER01" duration="00:00:00.8695680" startTime="2013-08-09T17:03:51.4481559+05:30" endTime="2013-08-09T17:03:52.3075804+05:30" testType="13cdc9d9-ddb5-4fa4-a97d-d965ccfc6d4b" outcome="Passed" testListId="8c84fa94-04c1-424b-9868-57a2d4851a1d" relativeResultsDirectory="472cd39a-7284-4b44-ab18-32bc5f2c0e91" />
    <UnitTestResult executionId="4d29cc18-d632-49fa-baf4-d5ed1adc4623" testId="f0904ff2-050c-15a6-7191-4710c73f0d27" testName="GuestInformationTest2" computerName="BUILDSERVER01" duration="00:00:00.1858155" startTime="2013-08-09T17:03:52.3232063+05:30" endTime="2013-08-09T17:03:52.5107171+05:30" testType="13cdc9d9-ddb5-4fa4-a97d-d965ccfc6d4b" outcome="Passed" testListId="8c84fa94-04c1-424b-9868-57a2d4851a1d" relativeResultsDirectory="4d29cc18-d632-49fa-baf4-d5ed1adc4623" />
    <UnitTestResult executionId="d392f516-fba8-4331-844d-9b1dab67e8b4" testId="d202d41f-5f48-f250-cf34-f647b0d61a00" testName="GuestInformationTest3" computerName="BUILDSERVER01" duration="00:00:00.1927258" startTime="2013-08-09T17:03:52.5107171+05:30" endTime="2013-08-09T17:03:52.6982279+05:30" testType="13cdc9d9-ddb5-4fa4-a97d-d965ccfc6d4b" outcome="Passed" testListId="8c84fa94-04c1-424b-9868-57a2d4851a1d" relativeResultsDirectory="d392f516-fba8-4331-844d-9b1dab67e8b4" />
    <UnitTestResult executionId="681bd617-7542-4162-a835-125f44258174" testId="59f06897-3cc6-bc57-98a3-837d0e0e8d72" testName="GuestInformationTest4" computerName="BUILDSERVER01" duration="00:00:00.1826335" startTime="2013-08-09T17:03:52.6982279+05:30" endTime="2013-08-09T17:03:52.8857387+05:30" testType="13cdc9d9-ddb5-4fa4-a97d-d965ccfc6d4b" outcome="Passed" testListId="8c84fa94-04c1-424b-9868-57a2d4851a1d" relativeResultsDirectory="681bd617-7542-4162-a835-125f44258174" />
    <UnitTestResult executionId="8e1ad4ed-e798-4262-8fa1-1ce7bbccdd22" testId="0c6eb897-fd3c-bb46-8959-0f847001ef1f" testName="GuestInformationTest5" computerName="BUILDSERVER01" duration="00:00:00.1910410" startTime="2013-08-09T17:03:52.8857387+05:30" endTime="2013-08-09T17:03:53.0732495+05:30" testType="13cdc9d9-ddb5-4fa4-a97d-d965ccfc6d4b" outcome="Passed" testListId="8c84fa94-04c1-424b-9868-57a2d4851a1d" relativeResultsDirectory="8e1ad4ed-e798-4262-8fa1-1ce7bbccdd22" />
    <UnitTestResult executionId="e4ddeb04-578a-4607-b480-b1c92ea639e3" testId="2d8aae77-b3c8-f51f-4296-a7b0aeca2427" testName="GuestInformationTest6" computerName="BUILDSERVER01" duration="00:00:00.1865410" startTime="2013-08-09T17:03:53.0732495+05:30" endTime="2013-08-09T17:03:53.2607603+05:30" testType="13cdc9d9-ddb5-4fa4-a97d-d965ccfc6d4b" outcome="Passed" testListId="8c84fa94-04c1-424b-9868-57a2d4851a1d" relativeResultsDirectory="e4ddeb04-578a-4607-b480-b1c92ea639e3" />
    <UnitTestResult executionId="9cf362e2-bb66-4a89-92a5-ca671d3fb9ac" testId="027b0b5e-f463-17ee-5338-3e4cfb9fcbcb" testName="WeekEndDayPricingTest1" computerName="BUILDSERVER01" duration="00:00:00.1954558" startTime="2013-08-09T17:03:53.2607603+05:30" endTime="2013-08-09T17:03:53.4638970+05:30" testType="13cdc9d9-ddb5-4fa4-a97d-d965ccfc6d4b" outcome="Passed" testListId="8c84fa94-04c1-424b-9868-57a2d4851a1d" relativeResultsDirectory="9cf362e2-bb66-4a89-92a5-ca671d3fb9ac" />
    <UnitTestResult executionId="17d7db74-22e7-4341-ae38-9713b610d7c4" testId="23ee3628-f092-b0be-cb5b-3a53d4180858" testName="WeekEndDayPricingTest2" computerName="BUILDSERVER01" duration="00:00:00.1915056" startTime="2013-08-09T17:03:53.4638970+05:30" endTime="2013-08-09T17:03:53.6514078+05:30" testType="13cdc9d9-ddb5-4fa4-a97d-d965ccfc6d4b" outcome="Passed" testListId="8c84fa94-04c1-424b-9868-57a2d4851a1d" relativeResultsDirectory="17d7db74-22e7-4341-ae38-9713b610d7c4" />
    <UnitTestResult executionId="3f6a6c92-f2e9-4820-b4b0-90e6625c045f" testId="38624ebd-4490-c568-ab8a-1c5bf0e584af" testName="WeekEndDayPricingTest3" computerName="BUILDSERVER01" duration="00:00:00.1888178" startTime="2013-08-09T17:03:53.6514078+05:30" endTime="2013-08-09T17:03:53.8389186+05:30" testType="13cdc9d9-ddb5-4fa4-a97d-d965ccfc6d4b" outcome="Passed" testListId="8c84fa94-04c1-424b-9868-57a2d4851a1d" relativeResultsDirectory="3f6a6c92-f2e9-4820-b4b0-90e6625c045f" />
    <UnitTestResult executionId="2619dc0f-7058-4c94-9cea-e1cd6b4b7774" testId="e021b749-a6a0-c62f-778a-a23745c008ac" testName="AvailabilityTest1" computerName="BUILDSERVER01" duration="00:00:00.1903985" startTime="2013-08-09T17:03:53.8389186+05:30" endTime="2013-08-09T17:03:54.0420553+05:30" testType="13cdc9d9-ddb5-4fa4-a97d-d965ccfc6d4b" outcome="Passed" testListId="8c84fa94-04c1-424b-9868-57a2d4851a1d" relativeResultsDirectory="2619dc0f-7058-4c94-9cea-e1cd6b4b7774" />
    <UnitTestResult executionId="ef4b5a5b-3100-46ca-a40a-9c0997c3e6c6" testId="9e4b1bc4-6afe-c2a8-1e68-3fc68cfc0d19" testName="AvailabilityTest2" computerName="BUILDSERVER01" duration="00:00:00.1837646" startTime="2013-08-09T17:03:54.0420553+05:30" endTime="2013-08-09T17:03:54.2295661+05:30" testType="13cdc9d9-ddb5-4fa4-a97d-d965ccfc6d4b" outcome="Passed" testListId="8c84fa94-04c1-424b-9868-57a2d4851a1d" relativeResultsDirectory="ef4b5a5b-3100-46ca-a40a-9c0997c3e6c6" />
    <UnitTestResult executionId="e9458819-2e0e-456a-bcaf-490ef3a042c0" testId="b45d0fe6-8f45-79ea-93b9-e0739fae6a76" testName="IsOnRequestTest1" computerName="BUILDSERVER01" duration="00:00:00.1880049" startTime="2013-08-09T17:03:54.2295661+05:30" endTime="2013-08-09T17:03:54.4170769+05:30" testType="13cdc9d9-ddb5-4fa4-a97d-d965ccfc6d4b" outcome="Passed" testListId="8c84fa94-04c1-424b-9868-57a2d4851a1d" relativeResultsDirectory="e9458819-2e0e-456a-bcaf-490ef3a042c0" />
    <UnitTestResult executionId="8b718fa8-eb4b-46ee-bcb7-5e0ba9008dec" testId="beb4163c-0773-8534-668a-200ef3c50158" testName="IsOnRequestTest2" computerName="BUILDSERVER01" duration="00:00:00.1839194" startTime="2013-08-09T17:03:54.4170769+05:30" endTime="2013-08-09T17:03:54.5889618+05:30" testType="13cdc9d9-ddb5-4fa4-a97d-d965ccfc6d4b" outcome="Passed" testListId="8c84fa94-04c1-424b-9868-57a2d4851a1d" relativeResultsDirectory="8b718fa8-eb4b-46ee-bcb7-5e0ba9008dec" />
    <UnitTestResult executionId="bcc59b6c-5dec-4c94-80fd-aa567b746815" testId="8f84bcef-ab78-da6b-b59f-ea6b48a4d014" testName="IsOnRequestTest3" computerName="BUILDSERVER01" duration="00:00:00.1905325" startTime="2013-08-09T17:03:54.5889618+05:30" endTime="2013-08-09T17:03:54.7920985+05:30" testType="13cdc9d9-ddb5-4fa4-a97d-d965ccfc6d4b" outcome="Passed" testListId="8c84fa94-04c1-424b-9868-57a2d4851a1d" relativeResultsDirectory="bcc59b6c-5dec-4c94-80fd-aa567b746815" />
    <UnitTestResult executionId="1cbf7d85-a647-46fb-9948-15fe93b21843" testId="3b28a284-6be5-4786-c59b-0066567ad872" testName="IsOnRequestTest4" computerName="BUILDSERVER01" duration="00:00:00.1821295" startTime="2013-08-09T17:03:54.7920985+05:30" endTime="2013-08-09T17:03:54.9639834+05:30" testType="13cdc9d9-ddb5-4fa4-a97d-d965ccfc6d4b" outcome="Passed" testListId="8c84fa94-04c1-424b-9868-57a2d4851a1d" relativeResultsDirectory="1cbf7d85-a647-46fb-9948-15fe93b21843" />
    <UnitTestResult executionId="f305c4e1-4767-42d7-a86d-2e2285a24a5c" testId="1bab8c31-4448-04b8-f07c-075d89669e52" testName="PerUnitTest1" computerName="BUILDSERVER01" duration="00:00:00.1887209" startTime="2013-08-09T17:03:54.9639834+05:30" endTime="2013-08-09T17:03:55.1671201+05:30" testType="13cdc9d9-ddb5-4fa4-a97d-d965ccfc6d4b" outcome="Passed" testListId="8c84fa94-04c1-424b-9868-57a2d4851a1d" relativeResultsDirectory="f305c4e1-4767-42d7-a86d-2e2285a24a5c" />
    <UnitTestResult executionId="38077161-f537-44a5-b5e5-9b2d6b3fff91" testId="0b5e303b-25ef-4267-ef4d-34c66e6b428e" testName="PerUnitTest2" computerName="BUILDSERVER01" duration="00:00:00.1817216" startTime="2013-08-09T17:03:55.1671201+05:30" endTime="2013-08-09T17:03:55.3390050+05:30" testType="13cdc9d9-ddb5-4fa4-a97d-d965ccfc6d4b" outcome="Passed" testListId="8c84fa94-04c1-424b-9868-57a2d4851a1d" relativeResultsDirectory="38077161-f537-44a5-b5e5-9b2d6b3fff91" />
    <UnitTestResult executionId="5499e347-82ae-4898-be75-e0788c285dc0" testId="00a3c0c5-42dc-81c6-4f2c-1577c19a99f1" testName="PerUnitTest3" computerName="BUILDSERVER01" duration="00:00:00.1887105" startTime="2013-08-09T17:03:55.3546309+05:30" endTime="2013-08-09T17:03:55.5421417+05:30" testType="13cdc9d9-ddb5-4fa4-a97d-d965ccfc6d4b" outcome="Passed" testListId="8c84fa94-04c1-424b-9868-57a2d4851a1d" relativeResultsDirectory="5499e347-82ae-4898-be75-e0788c285dc0" />
    <UnitTestResult executionId="4b50c7f0-7cb6-4be9-9f41-0ffcd517e3ba" testId="94e1acad-bb70-f866-5efb-01d59bad8348" testName="PerPersonTest1" computerName="BUILDSERVER01" duration="00:00:00.1815415" startTime="2013-08-09T17:03:55.5421417+05:30" endTime="2013-08-09T17:03:55.7140266+05:30" testType="13cdc9d9-ddb5-4fa4-a97d-d965ccfc6d4b" outcome="Passed" testListId="8c84fa94-04c1-424b-9868-57a2d4851a1d" relativeResultsDirectory="4b50c7f0-7cb6-4be9-9f41-0ffcd517e3ba" />
    <UnitTestResult executionId="c831212e-86d3-45b0-9f97-2da269c1ab87" testId="f21ff747-dcb5-ed97-f506-aca7b32158a6" testName="PerPersonTest2" computerName="BUILDSERVER01" duration="00:00:00.1878188" startTime="2013-08-09T17:03:55.7140266+05:30" endTime="2013-08-09T17:03:55.9015374+05:30" testType="13cdc9d9-ddb5-4fa4-a97d-d965ccfc6d4b" outcome="Passed" testListId="8c84fa94-04c1-424b-9868-57a2d4851a1d" relativeResultsDirectory="c831212e-86d3-45b0-9f97-2da269c1ab87" />
    <UnitTestResult executionId="d94afda0-489d-4eca-9339-1c2c62bb09c6" testId="8807f456-1387-e414-8904-9764886bc335" testName="PerPersonTes3" computerName="BUILDSERVER01" duration="00:00:00.1906451" startTime="2013-08-09T17:03:55.9015374+05:30" endTime="2013-08-09T17:03:56.1046741+05:30" testType="13cdc9d9-ddb5-4fa4-a97d-d965ccfc6d4b" outcome="Passed" testListId="8c84fa94-04c1-424b-9868-57a2d4851a1d" relativeResultsDirectory="d94afda0-489d-4eca-9339-1c2c62bb09c6" />
    <UnitTestResult executionId="37d6087d-b2cc-4b9b-ad70-2e595ad90e07" testId="0fd276a6-7806-9dc1-4e97-eb457e389a03" testName="TaxesTest1" computerName="BUILDSERVER01" duration="00:00:02.8056339" startTime="2013-08-09T17:03:56.1046741+05:30" endTime="2013-08-09T17:03:58.9017102+05:30" testType="13cdc9d9-ddb5-4fa4-a97d-d965ccfc6d4b" outcome="Failed" testListId="8c84fa94-04c1-424b-9868-57a2d4851a1d" relativeResultsDirectory="37d6087d-b2cc-4b9b-ad70-2e595ad90e07">
      <Output>
        <ErrorInfo>
          <Message>Assert.IsTrue failed. </Message>
          <StackTrace>   at Tavisca.Catapult.External.Facade.Tests.ActivityMultiAvailTests.SearchByCityCodeTest.TaxesTest1() in d:\Jenkins\artifacts\IMS_ExternalServices\workspace\Tavisca.Catapult.External.Facade.Tests\ActivityMultiAvailTests\SearchByCityCodeTest.cs:line 1903
</StackTrace>
        </ErrorInfo>
      </Output>
    </UnitTestResult>
    <UnitTestResult executionId="9e4fa462-ea07-4b39-a4e3-386351631ea7" testId="cd35d58b-55ac-73e8-4588-2b2874baa652" testName="TaxesTest2" computerName="BUILDSERVER01" duration="00:00:00.3471673" startTime="2013-08-09T17:03:58.9173361+05:30" endTime="2013-08-09T17:03:59.2611059+05:30" testType="13cdc9d9-ddb5-4fa4-a97d-d965ccfc6d4b" outcome="Passed" testListId="8c84fa94-04c1-424b-9868-57a2d4851a1d" relativeResultsDirectory="9e4fa462-ea07-4b39-a4e3-386351631ea7" />
    <UnitTestResult executionId="61ed1d6c-d7fe-4213-9451-1956effe873e" testId="36f8f610-e667-71d9-8f01-fc9a86b6ba5c" testName="TaxesTest3" computerName="BUILDSERVER01" duration="00:00:00.1917190" startTime="2013-08-09T17:03:59.2611059+05:30" endTime="2013-08-09T17:03:59.4642426+05:30" testType="13cdc9d9-ddb5-4fa4-a97d-d965ccfc6d4b" outcome="Passed" testListId="8c84fa94-04c1-424b-9868-57a2d4851a1d" relativeResultsDirectory="61ed1d6c-d7fe-4213-9451-1956effe873e" />
    <UnitTestResult executionId="00434865-d54f-4fc3-b53b-e770b0fdb31e" testId="61783281-a9d3-9678-1abe-4699c9539488" testName="PenaltiesTest1" computerName="BUILDSERVER01" duration="00:00:00.1932217" startTime="2013-08-09T17:03:59.4642426+05:30" endTime="2013-08-09T17:03:59.6517534+05:30" testType="13cdc9d9-ddb5-4fa4-a97d-d965ccfc6d4b" outcome="Passed" testListId="8c84fa94-04c1-424b-9868-57a2d4851a1d" relativeResultsDirectory="00434865-d54f-4fc3-b53b-e770b0fdb31e" />
    <UnitTestResult executionId="f9ed515b-8e37-4b81-9383-458422c4840e" testId="b4a5d92d-554b-ae2c-838e-c46208a4f3a2" testName="PenaltiesTest2" computerName="BUILDSERVER01" duration="00:00:00.1961366" startTime="2013-08-09T17:03:59.6517534+05:30" endTime="2013-08-09T17:03:59.8548901+05:30" testType="13cdc9d9-ddb5-4fa4-a97d-d965ccfc6d4b" outcome="Passed" testListId="8c84fa94-04c1-424b-9868-57a2d4851a1d" relativeResultsDirectory="f9ed515b-8e37-4b81-9383-458422c4840e" />
    <UnitTestResult executionId="1f241c01-9e27-473a-8527-c8b0c841f969" testId="a81ee980-32c9-b49e-d9d1-1392186ce4cf" testName="PenaltiesTest3" computerName="BUILDSERVER01" duration="00:00:00.1915165" startTime="2013-08-09T17:03:59.8548901+05:30" endTime="2013-08-09T17:04:00.0424009+05:30" testType="13cdc9d9-ddb5-4fa4-a97d-d965ccfc6d4b" outcome="Passed" testListId="8c84fa94-04c1-424b-9868-57a2d4851a1d" relativeResultsDirectory="1f241c01-9e27-473a-8527-c8b0c841f969" />
    <UnitTestResult executionId="e02e07d4-46b4-4881-8b62-2e02210a5d12" testId="9833f5ff-d0f2-6046-5d72-a8e6b55db624" testName="PoliciesTest1" computerName="BUILDSERVER01" duration="00:00:00.1958729" startTime="2013-08-09T17:04:00.0424009+05:30" endTime="2013-08-09T17:04:00.2299117+05:30" testType="13cdc9d9-ddb5-4fa4-a97d-d965ccfc6d4b" outcome="Passed" testListId="8c84fa94-04c1-424b-9868-57a2d4851a1d" relativeResultsDirectory="e02e07d4-46b4-4881-8b62-2e02210a5d12" />
    <UnitTestResult executionId="2abf31db-324c-4f23-adca-715eabb7115a" testId="ff75647e-4b17-e31b-0183-93134cd6d359" testName="CurrencyTest1" computerName="BUILDSERVER01" duration="00:00:00.1825452" startTime="2013-08-09T17:04:00.2299117+05:30" endTime="2013-08-09T17:04:00.4174225+05:30" testType="13cdc9d9-ddb5-4fa4-a97d-d965ccfc6d4b" outcome="Passed" testListId="8c84fa94-04c1-424b-9868-57a2d4851a1d" relativeResultsDirectory="2abf31db-324c-4f23-adca-715eabb7115a" />
    <UnitTestResult executionId="b9ce56de-0204-4097-88be-38c10d9e995a" testId="6320db32-ee9d-28b2-200f-15b20ca61a06" testName="FilterByTagsTest2" computerName="BUILDSERVER01" duration="00:00:00.1951443" startTime="2013-08-09T17:04:00.4330484+05:30" endTime="2013-08-09T17:04:00.6205592+05:30" testType="13cdc9d9-ddb5-4fa4-a97d-d965ccfc6d4b" outcome="Passed" testListId="8c84fa94-04c1-424b-9868-57a2d4851a1d" relativeResultsDirectory="b9ce56de-0204-4097-88be-38c10d9e995a" />
    <UnitTestResult executionId="5a80a2eb-71e2-430f-826f-e7a3db607e43" testId="d4c2a7ce-0a66-2917-8c63-46d31c776b4e" testName="FilterByRateCodes1" computerName="BUILDSERVER01" duration="00:00:00.1831623" startTime="2013-08-09T17:04:00.6205592+05:30" endTime="2013-08-09T17:04:00.8080700+05:30" testType="13cdc9d9-ddb5-4fa4-a97d-d965ccfc6d4b" outcome="Passed" testListId="8c84fa94-04c1-424b-9868-57a2d4851a1d" relativeResultsDirectory="5a80a2eb-71e2-430f-826f-e7a3db607e43" />
    <UnitTestResult executionId="0c5a1bcd-861f-459f-9b71-d28c2fba3e8f" testId="de2a9787-3661-315f-fb14-0af59f6540d6" testName="FilterByRateCodes2" computerName="BUILDSERVER01" duration="00:00:00.1902571" startTime="2013-08-09T17:04:00.8080700+05:30" endTime="2013-08-09T17:04:00.9955808+05:30" testType="13cdc9d9-ddb5-4fa4-a97d-d965ccfc6d4b" outcome="Passed" testListId="8c84fa94-04c1-424b-9868-57a2d4851a1d" relativeResultsDirectory="0c5a1bcd-861f-459f-9b71-d28c2fba3e8f" />
    <UnitTestResult executionId="96cc3680-8aba-4620-a488-1f13de4470d7" testId="06f92bac-583f-693e-acb6-b410c6dc75d0" testName="FilterByRateCodesTest3" computerName="BUILDSERVER01" duration="00:00:00.2068894" startTime="2013-08-09T17:04:00.9955808+05:30" endTime="2013-08-09T17:04:01.2143434+05:30" testType="13cdc9d9-ddb5-4fa4-a97d-d965ccfc6d4b" outcome="Passed" testListId="8c84fa94-04c1-424b-9868-57a2d4851a1d" relativeResultsDirectory="96cc3680-8aba-4620-a488-1f13de4470d7" />
    <UnitTestResult executionId="db00f0b9-08c3-408e-8b8d-8d8f05a1cbe0" testId="d5c0805a-36ab-aa22-0d39-d898c34d9347" testName="ScopeTest1" computerName="BUILDSERVER01" duration="00:00:00.1957684" startTime="2013-08-09T17:04:01.2143434+05:30" endTime="2013-08-09T17:04:01.4018542+05:30" testType="13cdc9d9-ddb5-4fa4-a97d-d965ccfc6d4b" outcome="Passed" testListId="8c84fa94-04c1-424b-9868-57a2d4851a1d" relativeResultsDirectory="db00f0b9-08c3-408e-8b8d-8d8f05a1cbe0" />
    <UnitTestResult executionId="fd1bad4e-c42f-424e-8fd3-7334340106e2" testId="2a474cc3-c69d-3c77-aa1b-c0e134423f79" testName="ScopeTest2" computerName="BUILDSERVER01" duration="00:00:00.1834045" startTime="2013-08-09T17:04:01.4018542+05:30" endTime="2013-08-09T17:04:01.5893650+05:30" testType="13cdc9d9-ddb5-4fa4-a97d-d965ccfc6d4b" outcome="Passed" testListId="8c84fa94-04c1-424b-9868-57a2d4851a1d" relativeResultsDirectory="fd1bad4e-c42f-424e-8fd3-7334340106e2" />
    <UnitTestResult executionId="ccd1e001-4f95-4aac-a42e-7037fb1c07f0" testId="a2d76df9-cb96-600e-de64-a9d32f312dce" testName="GeoCodeTest1" computerName="BUILDSERVER01" duration="00:00:00.2117783" startTime="2013-08-09T17:04:01.5893650+05:30" endTime="2013-08-09T17:04:01.8081276+05:30" testType="13cdc9d9-ddb5-4fa4-a97d-d965ccfc6d4b" outcome="Passed" testListId="8c84fa94-04c1-424b-9868-57a2d4851a1d" relativeResultsDirectory="ccd1e001-4f95-4aac-a42e-7037fb1c07f0" />
    <UnitTestResult executionId="6ba00221-d383-445c-bcfe-01df7a1ec6c0" testId="b4079b9d-6dbe-218a-78a8-41781f25a3fc" testName="GeoCodeTest2" computerName="BUILDSERVER01" duration="00:00:00.2297853" startTime="2013-08-09T17:04:01.8081276+05:30" endTime="2013-08-09T17:04:02.0268902+05:30" testType="13cdc9d9-ddb5-4fa4-a97d-d965ccfc6d4b" outcome="Passed" testListId="8c84fa94-04c1-424b-9868-57a2d4851a1d" relativeResultsDirectory="6ba00221-d383-445c-bcfe-01df7a1ec6c0" />
    <UnitTestResult executionId="d60ad962-3f6c-4548-b559-657667822430" testId="37c00438-9c3a-e8b1-eedc-270d16b7b726" testName="SearchByActivityCodeContentEnabledTest1" computerName="BUILDSERVER01" duration="00:00:00.2027573" startTime="2013-08-09T17:04:02.0425161+05:30" endTime="2013-08-09T17:04:02.2456528+05:30" testType="13cdc9d9-ddb5-4fa4-a97d-d965ccfc6d4b" outcome="Passed" testListId="8c84fa94-04c1-424b-9868-57a2d4851a1d" relativeResultsDirectory="d60ad962-3f6c-4548-b559-657667822430" />
    <UnitTestResult executionId="2c570d53-cc1b-47fc-94d2-4b885ba8b3e0" testId="8c975187-1e1d-7bdd-1e9c-457f0832075e" testName="SearchByActivityCodeContentDisabledTest1" computerName="BUILDSERVER01" duration="00:00:00.1513692" startTime="2013-08-09T17:04:02.2456528+05:30" endTime="2013-08-09T17:04:02.4019118+05:30" testType="13cdc9d9-ddb5-4fa4-a97d-d965ccfc6d4b" outcome="Passed" testListId="8c84fa94-04c1-424b-9868-57a2d4851a1d" relativeResultsDirectory="2c570d53-cc1b-47fc-94d2-4b885ba8b3e0" />
    <UnitTestResult executionId="8e2cf06b-9737-4720-8154-c81a8b426834" testId="33f9c41b-fdc1-1f43-5638-8453ffcaf1bc" testName="BlackOutPeriodTest1" computerName="BUILDSERVER01" duration="00:00:00.1911226" startTime="2013-08-09T17:04:02.4019118+05:30" endTime="2013-08-09T17:04:02.5894226+05:30" testType="13cdc9d9-ddb5-4fa4-a97d-d965ccfc6d4b" outcome="Passed" testListId="8c84fa94-04c1-424b-9868-57a2d4851a1d" relativeResultsDirectory="8e2cf06b-9737-4720-8154-c81a8b426834" />
    <UnitTestResult executionId="14496776-ccec-4dd5-b38b-53191b51ee10" testId="9ebdb339-dd51-80dc-e6ae-354d9fd997d3" testName="BlackOutPeriodTest2" computerName="BUILDSERVER01" duration="00:00:00.1886882" startTime="2013-08-09T17:04:02.5894226+05:30" endTime="2013-08-09T17:04:02.7769334+05:30" testType="13cdc9d9-ddb5-4fa4-a97d-d965ccfc6d4b" outcome="Passed" testListId="8c84fa94-04c1-424b-9868-57a2d4851a1d" relativeResultsDirectory="14496776-ccec-4dd5-b38b-53191b51ee10" />
    <UnitTestResult executionId="15a63c56-345f-4c90-bbc5-608716726be8" testId="9ac6f7de-9328-9b84-08bf-c72cf8f004a6" testName="BlackOutPeriodTest3" computerName="BUILDSERVER01" duration="00:00:00.1851550" startTime="2013-08-09T17:04:02.7769334+05:30" endTime="2013-08-09T17:04:02.9644442+05:30" testType="13cdc9d9-ddb5-4fa4-a97d-d965ccfc6d4b" outcome="Passed" testListId="8c84fa94-04c1-424b-9868-57a2d4851a1d" relativeResultsDirectory="15a63c56-345f-4c90-bbc5-608716726be8" />
    <UnitTestResult executionId="d1e9b0a6-48e2-4f88-ba5c-93838d14b1d4" testId="a482a9ad-6f8f-4900-07f1-d71ef783de8c" testName="RateContractTest1" computerName="BUILDSERVER01" duration="00:00:00.1831378" startTime="2013-08-09T17:04:02.9644442+05:30" endTime="2013-08-09T17:04:03.1519550+05:30" testType="13cdc9d9-ddb5-4fa4-a97d-d965ccfc6d4b" outcome="Passed" testListId="8c84fa94-04c1-424b-9868-57a2d4851a1d" relativeResultsDirectory="d1e9b0a6-48e2-4f88-ba5c-93838d14b1d4" />
    <UnitTestResult executionId="e064e410-cf63-4b2a-8c08-9e4bbcfb599b" testId="5d0986a5-cc73-f1aa-dab3-e0834c8a842d" testName="RateContractTest2" computerName="BUILDSERVER01" duration="00:00:00.1814747" startTime="2013-08-09T17:04:03.1519550+05:30" endTime="2013-08-09T17:04:03.3238399+05:30" testType="13cdc9d9-ddb5-4fa4-a97d-d965ccfc6d4b" outcome="Passed" testListId="8c84fa94-04c1-424b-9868-57a2d4851a1d" relativeResultsDirectory="e064e410-cf63-4b2a-8c08-9e4bbcfb599b" />
    <UnitTestResult executionId="6c945fcf-85a4-4e60-817e-9daf09621819" testId="ed4fbd40-9b68-5c5f-bfc2-be13e3cc5eb7" testName="RateContractTest3" computerName="BUILDSERVER01" duration="00:00:00.1712494" startTime="2013-08-09T17:04:03.3238399+05:30" endTime="2013-08-09T17:04:03.4957248+05:30" testType="13cdc9d9-ddb5-4fa4-a97d-d965ccfc6d4b" outcome="Passed" testListId="8c84fa94-04c1-424b-9868-57a2d4851a1d" relativeResultsDirectory="6c945fcf-85a4-4e60-817e-9daf09621819" />
    <UnitTestResult executionId="fcac9145-7bba-4896-8d95-daa6c124b73f" testId="147f015e-e9c7-54e0-1a4d-cbebe5b41b2b" testName="RateContractTest4" computerName="BUILDSERVER01" duration="00:00:00.1823301" startTime="2013-08-09T17:04:03.4957248+05:30" endTime="2013-08-09T17:04:03.6832356+05:30" testType="13cdc9d9-ddb5-4fa4-a97d-d965ccfc6d4b" outcome="Passed" testListId="8c84fa94-04c1-424b-9868-57a2d4851a1d" relativeResultsDirectory="fcac9145-7bba-4896-8d95-daa6c124b73f" />
    <UnitTestResult executionId="e7777aa7-e0e5-415d-a156-6de9f18ded28" testId="19e80ae8-16fc-724d-c1cf-781525c39425" testName="RateContractTest5" computerName="BUILDSERVER01" duration="00:00:00.1766766" startTime="2013-08-09T17:04:03.6832356+05:30" endTime="2013-08-09T17:04:03.8707464+05:30" testType="13cdc9d9-ddb5-4fa4-a97d-d965ccfc6d4b" outcome="Passed" testListId="8c84fa94-04c1-424b-9868-57a2d4851a1d" relativeResultsDirectory="e7777aa7-e0e5-415d-a156-6de9f18ded28" />
    <UnitTestResult executionId="36609168-7192-4829-ad6c-f615dfb4a5c4" testId="4da0d578-1ff5-78df-dc7c-e7cabc6cd136" testName="RateContractTest6" computerName="BUILDSERVER01" duration="00:00:00.1802321" startTime="2013-08-09T17:04:03.8707464+05:30" endTime="2013-08-09T17:04:04.0582572+05:30" testType="13cdc9d9-ddb5-4fa4-a97d-d965ccfc6d4b" outcome="Passed" testListId="8c84fa94-04c1-424b-9868-57a2d4851a1d" relativeResultsDirectory="36609168-7192-4829-ad6c-f615dfb4a5c4" />
    <UnitTestResult executionId="db441d97-6a84-402b-b614-7717d7b8d2c0" testId="0225924d-6024-ef57-124d-b71023e66625" testName="RateContractTest7" computerName="BUILDSERVER01" duration="00:00:00.1806595" startTime="2013-08-09T17:04:04.0582572+05:30" endTime="2013-08-09T17:04:04.2301421+05:30" testType="13cdc9d9-ddb5-4fa4-a97d-d965ccfc6d4b" outcome="Passed" testListId="8c84fa94-04c1-424b-9868-57a2d4851a1d" relativeResultsDirectory="db441d97-6a84-402b-b614-7717d7b8d2c0" />
    <UnitTestResult executionId="50d853d2-5c60-45d8-b904-5888be6a58e4" testId="8b4aae5f-0b18-f506-650b-347a6ebf2749" testName="RateContractTest8" computerName="BUILDSERVER01" duration="00:00:00.2026654" startTime="2013-08-09T17:04:04.2301421+05:30" endTime="2013-08-09T17:04:04.4332788+05:30" testType="13cdc9d9-ddb5-4fa4-a97d-d965ccfc6d4b" outcome="Passed" testListId="8c84fa94-04c1-424b-9868-57a2d4851a1d" relativeResultsDirectory="50d853d2-5c60-45d8-b904-5888be6a58e4" />
    <UnitTestResult executionId="7c605d8b-88f4-4b75-b462-84dbc8ece19d" testId="85d4e747-3a0d-1646-d2b5-3c8df01e444e" testName="RateContractTest9" computerName="BUILDSERVER01" duration="00:00:00.2049402" startTime="2013-08-09T17:04:04.4332788+05:30" endTime="2013-08-09T17:04:04.6520414+05:30" testType="13cdc9d9-ddb5-4fa4-a97d-d965ccfc6d4b" outcome="Passed" testListId="8c84fa94-04c1-424b-9868-57a2d4851a1d" relativeResultsDirectory="7c605d8b-88f4-4b75-b462-84dbc8ece19d" />
    <UnitTestResult executionId="b28b7d46-a429-4e35-b777-f9a06bad7355" testId="aa3d1934-91ae-c170-ef84-25775b2141fa" testName="GuestInformationTest1" computerName="BUILDSERVER01" duration="00:00:00.1817613" startTime="2013-08-09T17:04:04.6520414+05:30" endTime="2013-08-09T17:04:04.8239263+05:30" testType="13cdc9d9-ddb5-4fa4-a97d-d965ccfc6d4b" outcome="Passed" testListId="8c84fa94-04c1-424b-9868-57a2d4851a1d" relativeResultsDirectory="b28b7d46-a429-4e35-b777-f9a06bad7355" />
    <UnitTestResult executionId="1af7c1f6-b3c7-48d5-8e54-cf34771f32f9" testId="a3397672-f30b-3336-6458-df4b673127fc" testName="GuestInformationTest2" computerName="BUILDSERVER01" duration="00:00:00.1896998" startTime="2013-08-09T17:04:04.8239263+05:30" endTime="2013-08-09T17:04:05.0114371+05:30" testType="13cdc9d9-ddb5-4fa4-a97d-d965ccfc6d4b" outcome="Passed" testListId="8c84fa94-04c1-424b-9868-57a2d4851a1d" relativeResultsDirectory="1af7c1f6-b3c7-48d5-8e54-cf34771f32f9" />
[...]
    <TestEntry testId="12374823-f2bf-f8da-3d19-f7578f1d4f7c" executionId="c64754f6-aed5-4f73-99c2-948b58176112" testListId="8c84fa94-04c1-424b-9868-57a2d4851a1d" />
    <TestEntry testId="2d2b36ac-cec2-dd3b-ef6a-0d4a6419b592" executionId="40d768b8-07bc-4e2a-84c2-ba8757d0b5fb" testListId="8c84fa94-04c1-424b-9868-57a2d4851a1d" />
    <TestEntry testId="408a234b-e1f6-f523-3055-b975b398ec8d" executionId="568bb229-982e-4ae3-aa1c-6a3bdcb2ebc4" testListId="8c84fa94-04c1-424b-9868-57a2d4851a1d" />
    <TestEntry testId="25882cf7-bd1e-8820-07ab-167220235732" executionId="fb4d51ac-aff0-49e0-a197-30c3c5406c15" testListId="8c84fa94-04c1-424b-9868-57a2d4851a1d" />
    <TestEntry testId="0f989856-7e0f-8c14-2223-5c6786b022a7" executionId="572e9aa5-e402-4abc-8b95-28235675f44a" testListId="8c84fa94-04c1-424b-9868-57a2d4851a1d" />
    <TestEntry testId="de7000e9-fa4c-4bc6-c0e7-4c94bb6e3fc1" executionId="a22d87f5-53e5-4d2e-904e-80cd69a15003" testListId="8c84fa94-04c1-424b-9868-57a2d4851a1d" />
    <TestEntry testId="5f599953-261f-1baa-673d-130662061489" executionId="a5e51d09-b435-4c2f-af11-c984a38facca" testListId="8c84fa94-04c1-424b-9868-57a2d4851a1d" />
    <TestEntry testId="925aa9e0-5112-af2f-b37f-6563a41da01c" executionId="a038bec2-eed0-4156-b67e-69f7d5ea9efa" testListId="8c84fa94-04c1-424b-9868-57a2d4851a1d" />
    <TestEntry testId="de385433-b0d2-0ba5-99b2-d2423fe5325a" executionId="86a4233c-5d15-486e-b657-1aeb908e532b" testListId="8c84fa94-04c1-424b-9868-57a2d4851a1d" />
    <TestEntry testId="072b3430-2380-439d-d9fa-aed0e7e5f2ae" executionId="684e6375-894c-453c-8590-f81317e6683a" testListId="8c84fa94-04c1-424b-9868-57a2d4851a1d" />
    <TestEntry testId="228b59eb-d495-0003-cd22-24851a2caa64" executionId="3ba827c9-2b26-4e85-b418-be9db4775397" testListId="8c84fa94-04c1-424b-9868-57a2d4851a1d" />
    <TestEntry testId="2f4137f9-86fb-45de-1b05-26b7aea3d4c0" executionId="35e6a8e9-3811-4437-a820-712b3681b064" testListId="8c84fa94-04c1-424b-9868-57a2d4851a1d" />
    <TestEntry testId="65c07103-3471-fd8e-51c7-64ccf905eb6a" executionId="99e09596-2966-4ad1-98bf-ce88fc540650" testListId="8c84fa94-04c1-424b-9868-57a2d4851a1d" />
    <TestEntry testId="792d6800-47be-84f7-7f3e-7bb3f4275301" executionId="861889d5-5119-4ab7-8813-f393deb0608f" testListId="8c84fa94-04c1-424b-9868-57a2d4851a1d" />
    <TestEntry testId="63f82f2b-94d8-6638-2b31-ff5867e33380" executionId="3d54820e-2abc-4ad1-876e-73682c7d7207" testListId="8c84fa94-04c1-424b-9868-57a2d4851a1d" />
    <TestEntry testId="c1183241-7b01-4138-f11e-67614196d4ff" executionId="10278720-aa77-4028-9212-435b47ff5b02" testListId="8c84fa94-04c1-424b-9868-57a2d4851a1d" />
    <TestEntry testId="35b62bbd-047c-0e62-48ce-5f54fdf41074" executionId="83cdd9da-214c-4c26-9fec-9f513d4cbab4" testListId="8c84fa94-04c1-424b-9868-57a2d4851a1d" />
    <TestEntry testId="a55a7e60-bb8c-e356-9790-673420e3c4ee" executionId="891a386a-7660-4cb7-9f18-caced49d1eb9" testListId="8c84fa94-04c1-424b-9868-57a2d4851a1d" />
    <TestEntry testId="562a91ee-5a2b-00e1-089e-b53a3e66bf7c" executionId="4f1bc433-1826-4255-a061-346aadba247c" testListId="8c84fa94-04c1-424b-9868-57a2d4851a1d" />
    <TestEntry testId="51dd57ec-ccf3-797a-e208-710aa00c879d" executionId="3dae374d-0cdc-4ca8-809d-bdf2d316846c" testListId="8c84fa94-04c1-424b-9868-57a2d4851a1d" />
    <TestEntry testId="8faa753c-3396-717c-d2b0-471eefdb9199" executionId="ffe5d296-45b7-4f67-821e-4033037038d6" testListId="8c84fa94-04c1-424b-9868-57a2d4851a1d" />
    <TestEntry testId="4a1fd4ed-79cb-db5b-edca-ca56e6439175" executionId="3fd37b9e-49c5-4b7c-b119-89a075cc8c9c" testListId="8c84fa94-04c1-424b-9868-57a2d4851a1d" />
    <TestEntry testId="73625e66-977e-ebef-b6f4-68d1654f395e" executionId="3c186a9c-a2dd-4c77-bfdc-c954cded7b2f" testListId="8c84fa94-04c1-424b-9868-57a2d4851a1d" />
    <TestEntry testId="b2d25eda-4009-d8e9-931a-03918c0efa68" executionId="70659000-f1c1-464a-adb3-35cdacb7da3f" testListId="8c84fa94-04c1-424b-9868-57a2d4851a1d" />
    <TestEntry testId="48917dc3-d286-1f13-7734-0b2fa6e582c9" executionId="abcbe7fc-8a74-4602-8ae3-7a45cfdd4d0f" testListId="8c84fa94-04c1-424b-9868-57a2d4851a1d" />
    <TestEntry testId="efa02f09-64b8-99df-d69b-4070c46d820a" executionId="b3087eb6-5d13-4f94-9bf8-c38bd88c0cef" testListId="8c84fa94-04c1-424b-9868-57a2d4851a1d" />
    <TestEntry testId="3e80942b-05a7-39c3-0671-6682f9cd8177" executionId="e8bebed2-bf81-46c7-9e2d-f6a22bc0510e" testListId="8c84fa94-04c1-424b-9868-57a2d4851a1d" />
    <TestEntry testId="319fd9f6-382e-1e66-1baf-067a38938e5b" executionId="f43f9b44-ea69-4be4-978a-635be1f76ba7" testListId="8c84fa94-04c1-424b-9868-57a2d4851a1d" />
    <TestEntry testId="cd5ad7eb-412a-b4c4-7f35-d0f08dadf18b" executionId="15dfd7db-f6f7-4974-b198-60c63e51b7da" testListId="8c84fa94-04c1-424b-9868-57a2d4851a1d" />
    <TestEntry testId="75fb9a13-c63f-dbea-f333-0dbfe13aae6b" executionId="472cd39a-7284-4b44-ab18-32bc5f2c0e91" testListId="8c84fa94-04c1-424b-9868-57a2d4851a1d" />
    <TestEntry testId="f0904ff2-050c-15a6-7191-4710c73f0d27" executionId="4d29cc18-d632-49fa-baf4-d5ed1adc4623" testListId="8c84fa94-04c1-424b-9868-57a2d4851a1d" />
    <TestEntry testId="d202d41f-5f48-f250-cf34-f647b0d61a00" executionId="d392f516-fba8-4331-844d-9b1dab67e8b4" testListId="8c84fa94-04c1-424b-9868-57a2d4851a1d" />
    <TestEntry testId="59f06897-3cc6-bc57-98a3-837d0e0e8d72" executionId="681bd617-7542-4162-a835-125f44258174" testListId="8c84fa94-04c1-424b-9868-57a2d4851a1d" />
    <TestEntry testId="0c6eb897-fd3c-bb46-8959-0f847001ef1f" executionId="8e1ad4ed-e798-4262-8fa1-1ce7bbccdd22" testListId="8c84fa94-04c1-424b-9868-57a2d4851a1d" />
    <TestEntry testId="2d8aae77-b3c8-f51f-4296-a7b0aeca2427" executionId="e4ddeb04-578a-4607-b480-b1c92ea639e3" testListId="8c84fa94-04c1-424b-9868-57a2d4851a1d" />
    <TestEntry testId="027b0b5e-f463-17ee-5338-3e4cfb9fcbcb" executionId="9cf362e2-bb66-4a89-92a5-ca671d3fb9ac" testListId="8c84fa94-04c1-424b-9868-57a2d4851a1d" />
    <TestEntry testId="23ee3628-f092-b0be-cb5b-3a53d4180858" executionId="17d7db74-22e7-4341-ae38-9713b610d7c4" testListId="8c84fa94-04c1-424b-9868-57a2d4851a1d" />
    <TestEntry testId="38624ebd-4490-c568-ab8a-1c5bf0e584af" executionId="3f6a6c92-f2e9-4820-b4b0-90e6625c045f" testListId="8c84fa94-04c1-424b-9868-57a2d4851a1d" />
    <TestEntry testId="e021b749-a6a0-c62f-778a-a23745c008ac" executionId="2619dc0f-7058-4c94-9cea-e1cd6b4b7774" testListId="8c84fa94-04c1-424b-9868-57a2d4851a1d" />
    <TestEntry testId="9e4b1bc4-6afe-c2a8-1e68-3fc68cfc0d19" executionId="ef4b5a5b-3100-46ca-a40a-9c0997c3e6c6" testListId="8c84fa94-04c1-424b-9868-57a2d4851a1d" />
    <TestEntry testId="b45d0fe6-8f45-79ea-93b9-e0739fae6a76" executionId="e9458819-2e0e-456a-bcaf-490ef3a042c0" testListId="8c84fa94-04c1-424b-9868-57a2d4851a1d" />
    <TestEntry testId="beb4163c-0773-8534-668a-200ef3c50158" executionId="8b718fa8-eb4b-46ee-bcb7-5e0ba9008dec" testListId="8c84fa94-04c1-424b-9868-57a2d4851a1d" />
    <TestEntry testId="8f84bcef-ab78-da6b-b59f-ea6b48a4d014" executionId="bcc59b6c-5dec-4c94-80fd-aa567b746815" testListId="8c84fa94-04c1-424b-9868-57a2d4851a1d" />
    <TestEntry testId="3b28a284-6be5-4786-c59b-0066567ad872" executionId="1cbf7d85-a647-46fb-9948-15fe93b21843" testListId="8c84fa94-04c1-424b-9868-57a2d4851a1d" />
    <TestEntry testId="1bab8c31-4448-04b8-f07c-075d89669e52" executionId="f305c4e1-4767-42d7-a86d-2e2285a24a5c" testListId="8c84fa94-04c1-424b-9868-57a2d4851a1d" />
    <TestEntry testId="0b5e303b-25ef-4267-ef4d-34c66e6b428e" executionId="38077161-f537-44a5-b5e5-9b2d6b3fff91" testListId="8c84fa94-04c1-424b-9868-57a2d4851a1d" />
    <TestEntry testId="00a3c0c5-42dc-81c6-4f2c-1577c19a99f1" executionId="5499e347-82ae-4898-be75-e0788c285dc0" testListId="8c84fa94-04c1-424b-9868-57a2d4851a1d" />
    <TestEntry testId="94e1acad-bb70-f866-5efb-01d59bad8348" executionId="4b50c7f0-7cb6-4be9-9f41-0ffcd517e3ba" testListId="8c84fa94-04c1-424b-9868-57a2d4851a1d" />
    <TestEntry testId="f21ff747-dcb5-ed97-f506-aca7b32158a6" executionId="c831212e-86d3-45b0-9f97-2da269c1ab87" testListId="8c84fa94-04c1-424b-9868-57a2d4851a1d" />
    <TestEntry testId="8807f456-1387-e414-8904-9764886bc335" executionId="d94afda0-489d-4eca-9339-1c2c62bb09c6" testListId="8c84fa94-04c1-424b-9868-57a2d4851a1d" />
    <TestEntry testId="0fd276a6-7806-9dc1-4e97-eb457e389a03" executionId="37d6087d-b2cc-4b9b-ad70-2e595ad90e07" testListId="8c84fa94-04c1-424b-9868-57a2d4851a1d" />
    <TestEntry testId="cd35d58b-55ac-73e8-4588-2b2874baa652" executionId="9e4fa462-ea07-4b39-a4e3-386351631ea7" testListId="8c84fa94-04c1-424b-9868-57a2d4851a1d" />
    <TestEntry testId="36f8f610-e667-71d9-8f01-fc9a86b6ba5c" executionId="61ed1d6c-d7fe-4213-9451-1956effe873e" testListId="8c84fa94-04c1-424b-9868-57a2d4851a1d" />
    <TestEntry testId="61783281-a9d3-9678-1abe-4699c9539488" executionId="00434865-d54f-4fc3-b53b-e770b0fdb31e" testListId="8c84fa94-04c1-424b-9868-57a2d4851a1d" />
    <TestEntry testId="b4a5d92d-554b-ae2c-838e-c46208a4f3a2" executionId="f9ed515b-8e37-4b81-9383-458422c4840e" testListId="8c84fa94-04c1-424b-9868-57a2d4851a1d" />
    <TestEntry testId="a81ee980-32c9-b49e-d9d1-1392186ce4cf" executionId="1f241c01-9e27-473a-8527-c8b0c841f969" testListId="8c84fa94-04c1-424b-9868-57a2d4851a1d" />
    <TestEntry testId="9833f5ff-d0f2-6046-5d72-a8e6b55db624" executionId="e02e07d4-46b4-4881-8b62-2e02210a5d12" testListId="8c84fa94-04c1-424b-9868-57a2d4851a1d" />
    <TestEntry testId="ff75647e-4b17-e31b-0183-93134cd6d359" executionId="2abf31db-324c-4f23-adca-715eabb7115a" testListId="8c84fa94-04c1-424b-9868-57a2d4851a1d" />
    <TestEntry testId="6320db32-ee9d-28b2-200f-15b20ca61a06" executionId="b9ce56de-0204-4097-88be-38c10d9e995a" testListId="8c84fa94-04c1-424b-9868-57a2d4851a1d" />
    <TestEntry testId="d4c2a7ce-0a66-2917-8c63-46d31c776b4e" executionId="5a80a2eb-71e2-430f-826f-e7a3db607e43" testListId="8c84fa94-04c1-424b-9868-57a2d4851a1d" />
    <TestEntry testId="de2a9787-3661-315f-fb14-0af59f6540d6" executionId="0c5a1bcd-861f-459f-9b71-d28c2fba3e8f" testListId="8c84fa94-04c1-424b-9868-57a2d4851a1d" />
    <TestEntry testId="06f92bac-583f-693e-acb6-b410c6dc75d0" executionId="96cc3680-8aba-4620-a488-1f13de4470d7" testListId="8c84fa94-04c1-424b-9868-57a2d4851a1d" />
    <TestEntry testId="d5c0805a-36ab-aa22-0d39-d898c34d9347" executionId="db00f0b9-08c3-408e-8b8d-8d8f05a1cbe0" testListId="8c84fa94-04c1-424b-9868-57a2d4851a1d" />
    <TestEntry testId="2a474cc3-c69d-3c77-aa1b-c0e134423f79" executionId="fd1bad4e-c42f-424e-8fd3-7334340106e2" testListId="8c84fa94-04c1-424b-9868-57a2d4851a1d" />
    <TestEntry testId="a2d76df9-cb96-600e-de64-a9d32f312dce" executionId="ccd1e001-4f95-4aac-a42e-7037fb1c07f0" testListId="8c84fa94-04c1-424b-9868-57a2d4851a1d" />
    <TestEntry testId="b4079b9d-6dbe-218a-78a8-41781f25a3fc" executionId="6ba00221-d383-445c-bcfe-01df7a1ec6c0" testListId="8c84fa94-04c1-424b-9868-57a2d4851a1d" />
    <TestEntry testId="37c00438-9c3a-e8b1-eedc-270d16b7b726" executionId="d60ad962-3f6c-4548-b559-657667822430" testListId="8c84fa94-04c1-424b-9868-57a2d4851a1d" />
    <TestEntry testId="8c975187-1e1d-7bdd-1e9c-457f0832075e" executionId="2c570d53-cc1b-47fc-94d2-4b885ba8b3e0" testListId="8c84fa94-04c1-424b-9868-57a2d4851a1d" />
    <TestEntry testId="33f9c41b-fdc1-1f43-5638-8453ffcaf1bc" executionId="8e2cf06b-9737-4720-8154-c81a8b426834" testListId="8c84fa94-04c1-424b-9868-57a2d4851a1d" />
    <TestEntry testId="9ebdb339-dd51-80dc-e6ae-354d9fd997d3" executionId="14496776-ccec-4dd5-b38b-53191b51ee10" testListId="8c84fa94-04c1-424b-9868-57a2d4851a1d" />
    <TestEntry testId="9ac6f7de-9328-9b84-08bf-c72cf8f004a6" executionId="15a63c56-345f-4c90-bbc5-608716726be8" testListId="8c84fa94-04c1-424b-9868-57a2d4851a1d" />
    <TestEntry testId="a482a9ad-6f8f-4900-07f1-d71ef783de8c" executionId="d1e9b0a6-48e2-4f88-ba5c-93838d14b1d4" testListId="8c84fa94-04c1-424b-9868-57a2d4851a1d" />
    <TestEntry testId="5d0986a5-cc73-f1aa-dab3-e0834c8a842d" executionId="e064e410-cf63-4b2a-8c08-9e4bbcfb599b" testListId="8c84fa94-04c1-424b-9868-57a2d4851a1d" />
    <TestEntry testId="ed4fbd40-9b68-5c5f-bfc2-be13e3cc5eb7" executionId="6c945fcf-85a4-4e60-817e-9daf09621819" testListId="8c84fa94-04c1-424b-9868-57a2d4851a1d" />
    <TestEntry testId="147f015e-e9c7-54e0-1a4d-cbebe5b41b2b" executionId="fcac9145-7bba-4896-8d95-daa6c124b73f" testListId="8c84fa94-04c1-424b-9868-57a2d4851a1d" />
    <TestEntry testId="19e80ae8-16fc-724d-c1cf-781525c39425" executionId="e7777aa7-e0e5-415d-a156-6de9f18ded28" testListId="8c84fa94-04c1-424b-9868-57a2d4851a1d" />
    <TestEntry testId="4da0d578-1ff5-78df-dc7c-e7cabc6cd136" executionId="36609168-7192-4829-ad6c-f615dfb4a5c4" testListId="8c84fa94-04c1-424b-9868-57a2d4851a1d" />
    <TestEntry testId="0225924d-6024-ef57-124d-b71023e66625" executionId="db441d97-6a84-402b-b614-7717d7b8d2c0" testListId="8c84fa94-04c1-424b-9868-57a2d4851a1d" />
    <TestEntry testId="8b4aae5f-0b18-f506-650b-347a6ebf2749" executionId="50d853d2-5c60-45d8-b904-5888be6a58e4" testListId="8c84fa94-04c1-424b-9868-57a2d4851a1d" />
    <TestEntry testId="85d4e747-3a0d-1646-d2b5-3c8df01e444e" executionId="7c605d8b-88f4-4b75-b462-84dbc8ece19d" testListId="8c84fa94-04c1-424b-9868-57a2d4851a1d" />
    <TestEntry testId="aa3d1934-91ae-c170-ef84-25775b2141fa" executionId="b28b7d46-a429-4e35-b777-f9a06bad7355" testListId="8c84fa94-04c1-424b-9868-57a2d4851a1d" />
    <TestEntry testId="a3397672-f30b-3336-6458-df4b673127fc" executionId="1af7c1f6-b3c7-48d5-8e54-cf34771f32f9" testListId="8c84fa94-04c1-424b-9868-57a2d4851a1d" />
    <TestEntry testId="c347a23f-fd5c-b69d-350b-907965d60cee" executionId="f6721e9b-dcd4-4f36-aa8d-b27736830345" testListId="8c84fa94-04c1-424b-9868-57a2d4851a1d" />
    <TestEntry testId="0e9bbddd-78f8-51f1-c7b2-196084fb2d4d" executionId="068b1e37-b569-4c3f-820b-07f50fd4560f" testListId="8c84fa94-04c1-424b-9868-57a2d4851a1d" />
    <TestEntry testId="c5df724f-9e4f-3732-36f0-4f28aacf0184" executionId="f65ce326-2a42-408d-9f31-1cb1d6c1739d" testListId="8c84fa94-04c1-424b-9868-57a2d4851a1d" />
    <TestEntry testId="f5038ab6-fc1f-a194-bc1a-2159b4654b4f" executionId="b9b6187b-37a7-4e39-9f64-ea56976370ab" testListId="8c84fa94-04c1-424b-9868-57a2d4851a1d" />
    <TestEntry testId="4b9ef6ec-0783-a343-1da9-b693cfc54219" executionId="429080ad-f446-4428-a2a0-37bc9ab82bec" testListId="8c84fa94-04c1-424b-9868-57a2d4851a1d" />
    <TestEntry testId="d7d384f9-671e-d44a-5c7e-66603bfc39df" executionId="3a35261d-0cbe-480e-b8d6-e0c172c8867e" testListId="8c84fa94-04c1-424b-9868-57a2d4851a1d" />
    <TestEntry testId="192a62ae-d42e-463b-8846-ae039a745cef" executionId="75c22e7f-d246-473d-82b2-57610cc91d5f" testListId="8c84fa94-04c1-424b-9868-57a2d4851a1d" />
    <TestEntry testId="99f7ee8d-8094-5fb5-1b4c-99e72efde0d0" executionId="ca6ac844-bf0c-4e53-b174-d66492079597" testListId="8c84fa94-04c1-424b-9868-57a2d4851a1d" />
    <TestEntry testId="e543ab15-69d4-e035-f7a3-11a8c5acd5b3" executionId="b78edb53-ce63-40c0-9afc-61bc0c9a2a1f" testListId="8c84fa94-04c1-424b-9868-57a2d4851a1d" />
    <TestEntry testId="f485c88b-03bd-92de-7951-9a500421e78d" executionId="993ba592-c82c-4e84-bf98-ea141c709b09" testListId="8c84fa94-04c1-424b-9868-57a2d4851a1d" />
    <TestEntry testId="76b77543-e7eb-5ae6-a5c5-d2ddff6da5e4" executionId="4ef5e71b-7dde-4ae4-87ed-7b4037045c4c" testListId="8c84fa94-04c1-424b-9868-57a2d4851a1d" />
    <TestEntry testId="83026801-f66d-47f5-b8ad-dbb94099be89" executionId="8c68eeeb-9980-468e-b972-3378e4ec0802" testListId="8c84fa94-04c1-424b-9868-57a2d4851a1d" />
    <TestEntry testId="475787ed-a011-b742-30a5-8e35b5df1a0a" executionId="667ca61b-a5b2-47f6-942c-e209e64dca40" testListId="8c84fa94-04c1-424b-9868-57a2d4851a1d" />
    <TestEntry testId="bcd9d794-6d8d-1520-1468-fd86c7599d95" executionId="899ec040-b43e-4b19-b1e0-c93295639199" testListId="8c84fa94-04c1-424b-9868-57a2d4851a1d" />
    <TestEntry testId="7ac709cb-4319-7eee-d260-ff2a9e77e3ef" executionId="6e29ef05-38c1-462e-b5b6-cfb7e77e5565" testListId="8c84fa94-04c1-424b-9868-57a2d4851a1d" />
    <TestEntry testId="2a34b52f-be48-0777-49a4-93c887c9c777" executionId="bd8dc5c4-8d45-4cdd-b13b-cf2ca4eebf3b" testListId="8c84fa94-04c1-424b-9868-57a2d4851a1d" />
    <TestEntry testId="78fbcfe0-b588-ab37-cfb1-b2426df44ce6" executionId="d9614c97-d851-49aa-b685-6bebb59940a0" testListId="8c84fa94-04c1-424b-9868-57a2d4851a1d" />
    <TestEntry testId="495b6271-c71d-35b5-90db-a3e39eb7dceb" executionId="67847bb1-d938-4d7c-bfcd-76e79337ecbf" testListId="8c84fa94-04c1-424b-9868-57a2d4851a1d" />
    <TestEntry testId="bef7b645-097e-040a-9842-7520d63d0bf9" executionId="f71f6031-a469-4a50-ae75-2384c8f69a20" testListId="8c84fa94-04c1-424b-9868-57a2d4851a1d" />
    <TestEntry testId="21854ef0-132a-e37c-a319-899fdb20f73d" executionId="ba9f5b45-e840-4ae3-88f2-7eba00afeea2" testListId="8c84fa94-04c1-424b-9868-57a2d4851a1d" />
    <TestEntry testId="cd85d445-cec4-39d6-bf0a-507de6babb98" executionId="c7eec022-86ef-4b82-a070-6f3149b0612d" testListId="8c84fa94-04c1-424b-9868-57a2d4851a1d" />
    <TestEntry testId="32125897-818e-e4fd-ac65-d6a0885000a2" executionId="c5d1a5e9-a56d-4914-b7cf-87341787f91e" testListId="8c84fa94-04c1-424b-9868-57a2d4851a1d" />
    <TestEntry testId="693aab8f-1a6f-7920-c927-16447d4088a9" executionId="c07b4c78-a197-4f48-a1ef-4347310d851b" testListId="8c84fa94-04c1-424b-9868-57a2d4851a1d" />
    <TestEntry testId="6e84a9ee-37c3-5e5c-1b72-b5b071f09e6c" executionId="5a90e904-0965-40b3-9e27-0c39a781bce0" testListId="8c84fa94-04c1-424b-9868-57a2d4851a1d" />
    <TestEntry testId="b305d49f-88f8-0904-1c19-b40059862051" executionId="636629ce-2db1-4126-a1c5-c0f54c466ab9" testListId="8c84fa94-04c1-424b-9868-57a2d4851a1d" />
    <TestEntry testId="2f23ed4d-0203-fc11-580f-3c1d5265e577" executionId="e26cf8e5-8fd5-4ffc-8066-b6caf74aeb1f" testListId="8c84fa94-04c1-424b-9868-57a2d4851a1d" />
    <TestEntry testId="e1a802b1-8248-6bd4-067c-378db3e05be6" executionId="c5661b1c-bcbc-47ef-8061-c702939222ba" testListId="8c84fa94-04c1-424b-9868-57a2d4851a1d" />
    <TestEntry testId="e88e8675-a27c-2f75-d569-ca8144ed62a2" executionId="e72f9daa-d18c-454b-bfdf-94ca32f829a4" testListId="8c84fa94-04c1-424b-9868-57a2d4851a1d" />
    <TestEntry testId="c62894a3-842c-4cba-d421-eb98ac24deaa" executionId="1b75e7f7-fd5b-4b36-91ca-0f4f2418388c" testListId="8c84fa94-04c1-424b-9868-57a2d4851a1d" />
    <TestEntry testId="2d845072-87a1-b9e4-cb5d-b83f40ec4db9" executionId="e377a081-26dc-492c-a52c-7b458b5aea6c" testListId="8c84fa94-04c1-424b-9868-57a2d4851a1d" />
    <TestEntry testId="8b1360b6-7dc3-19e4-6078-7f6085742701" executionId="0ae9902e-22ff-43a8-99ae-488f42b8e2da" testListId="8c84fa94-04c1-424b-9868-57a2d4851a1d" />
    <TestEntry testId="e8fcff6d-f165-d503-271e-bb2d2e6fd3b0" executionId="aec096e6-e7ce-4767-b970-e00437cbe41d" testListId="8c84fa94-04c1-424b-9868-57a2d4851a1d" />
    <TestEntry testId="ecdff1ab-80ba-81a0-6f6f-3f6af4358c22" executionId="0d424ec3-5bad-41ac-b1a7-0b2f4ccf729d" testListId="8c84fa94-04c1-424b-9868-57a2d4851a1d" />
  </TestEntries>
  <TestLists>
    <TestList name="Results Not in a List" id="8c84fa94-04c1-424b-9868-57a2d4851a1d" />
    <TestList name="All Loaded Results" id="19431567-8539-422a-85d7-44ee4e166bda" />
  </TestLists>
  <ResultSummary outcome="Failed">
    <Counters total="198" executed="198" passed="197" failed="1" error="0" timeout="0" aborted="0" inconclusive="0" passedButRunAborted="0" notRunnable="0" notExecuted="0" disconnected="0" warning="0" completed="0" inProgress="0" pending="0" />
    <CollectorDataEntries>
      <Collector agentName="BUILDSERVER01" uri="datacollector://microsoft/CodeCoverage/2.0" collectorDisplayName="Code Coverage">
        <UriAttachments>
          <UriAttachment>
            <A href="BUILDSERVER01\buildmaster_BUILDSERVER01 2013-08-09 17_03_23.coverage">
            </A>
          </UriAttachment>
        </UriAttachments>
      </Collector>
    </CollectorDataEntries>
  </ResultSummary>
</TestRun>